TN:
SF:/home/jenkins/executables/referenceApp/safety/safeSupervisor/include/safeSupervisor/SafeSupervisor.h
FN:62,_ZN6safety14SafeSupervisor13enterLimpHomeEv
FNDA:7,_ZN6safety14SafeSupervisor13enterLimpHomeEv
FNF:1
FNH:1
DA:62,7
LF:1
LH:1
end_of_record
TN:
SF:/home/jenkins/executables/referenceApp/safety/safeSupervisor/include/safeSupervisor/utils/explicitly_constructible.h
FN:41,_ZN6safety24explicitly_constructibleINS_14SafeSupervisorEEdeEv
FNDA:0,_ZN6safety24explicitly_constructibleINS_14SafeSupervisorEEdeEv
FNF:1
FNH:0
DA:41,0
LF:1
LH:0
end_of_record
TN:
SF:/home/jenkins/executables/referenceApp/safety/safeSupervisor/src/safeSupervisor/SafeSupervisor.cpp
FN:18,_ZN6safety14SafeSupervisorC2Ev
FN:43,_ZNK6safety14SafeSupervisor4initEv
FN:52,_ZN6safety14SafeSupervisor6handleERKNS0_5EventE
FN:173,_ZN6safety14SafeSupervisor11getInstanceEv
FNDA:0,_ZN6safety14SafeSupervisor11getInstanceEv
FNDA:8,_ZN6safety14SafeSupervisorC2Ev
FNDA:8,_ZN6safety14SafeSupervisor6handleERKNS0_5EventE
FNDA:0,_ZNK6safety14SafeSupervisor4initEv
FNF:4
FNH:2
DA:18,8
DA:19,8
DA:21,16
DA:22,16
DA:23,8
DA:24,8
DA:25,8
DA:27,16
DA:28,16
DA:29,8
DA:30,8
DA:31,8
DA:32,8
DA:33,8
DA:34,8
DA:35,8
DA:36,8
DA:37,8
DA:38,8
DA:39,8
DA:40,8
DA:41,8
DA:43,0
DA:46,0
DA:52,8
DA:54,8
DA:55,8
DA:57,1
DA:59,1
DA:62,1
DA:64,1
DA:66,1
DA:69,1
DA:71,1
DA:73,1
DA:74,1
DA:76,1
DA:78,1
DA:81,1
DA:83,1
DA:85,1
DA:88,1
DA:90,1
DA:92,1
DA:95,1
DA:97,1
DA:99,1
DA:102,1
DA:104,1
DA:106,1
DA:109,1
DA:111,0
DA:113,0
DA:116,0
DA:118,0
DA:120,0
DA:123,0
DA:125,0
DA:127,0
DA:130,0
DA:132,0
DA:134,0
DA:137,0
DA:140,0
DA:142,0
DA:144,0
DA:147,0
DA:149,0
DA:151,0
DA:154,0
DA:156,0
DA:158,0
DA:161,0
DA:163,0
DA:166,7
DA:168,7
DA:169,8
DA:173,0
LF:78
LH:52
end_of_record
TN:
SF:/home/jenkins/executables/unitTest/bsp/bspMcu/include/reset/softwareSystemReset.h
FN:13,softwareSystemReset
FNDA:7,softwareSystemReset
FNF:1
FNH:1
DA:13,7
LF:1
LH:1
end_of_record
TN:
SF:/home/jenkins/libs/3rdparty/etl/include/etl/algorithm.h
FN:139,_ZN3etl17private_algorithm9swap_implILb1EE7do_swapIPhS4_EEvT_T0_
FN:156,_ZN3etl9iter_swapIPhS1_EEvT_T0_
FN:221,_ZN3etl4copyIPhS1_EET0_T_S3_S2_
FN:221,_ZN3etl4copyIPKhPhEET0_T_S5_S4_
FN:269,_ZN3etl6copy_nIPKcmPhEET1_T_T0_S4_
FN:371,_ZN3etl7reverseIPhEENS_9enable_ifIXsrNS_10is_pointerIT_EE5valueEvE4typeES4_S4_
FN:401,_ZN3etl11lower_boundIPKN7storage13MappingConfigEjZNKS1_14MappingStorage14getConfigEntryEjEUlRS3_jE_EET_S8_S8_RKT0_T1_
FN:530,_ZN3etl7find_ifINS_5ipool14ipool_iteratorILb0EEEZN3uds15DiagDispatcher210send_localERN9transport16TransportMessageEPNS6_34ITransportMessageProcessedListenerEEUlPvE_EET_SD_SD_T0_
FN:530,_ZN3etl7find_ifIPKN9transport14LogicalAddressEZNS1_13addressfinder22findDoipAddressInSliceEtRKNS_4spanIS3_Lm18446744073709551615EEEEUlS2_E_EET_SB_SB_T0_
FN:530,_ZN3etl7find_ifIPKN9transport14LogicalAddressEZNS1_13addressfinder22find8BitAddressInSliceEtRKNS_4spanIS3_Lm18446744073709551615EEEEUlS2_E_EET_SB_SB_T0_
FN:576,_ZN3etl4fillIPPN7storage10StorageJobES3_EEvT_S5_RKT0_
FN:576,_ZN3etl4fillIPhhEEvT_S2_RKT0_
FN:699,_ZN3etl5equalIPKjS2_EEbT_S3_T0_
FN:699,_ZN3etl5equalIPKcS2_EEbT_S3_T0_
FN:739,_ZN3etl5equalIPKhS2_EEbT_S3_T0_S4_
FN:739,_ZN3etl5equalIPhPKhEEbT_S4_T0_S5_
FN:739,_ZN3etl5equalIPKhPhEEbT_S4_T0_S5_
FN:823,_ZN3etl3minIjNS_4lessIjEEEERKT_S5_S5_T0_
FN:823,_ZN3etl3minImNS_4lessImEEEERKT_S5_S5_T0_
FN:823,_ZN3etl3minItNS_4lessItEEEERKT_S5_S5_T0_
FN:823,_ZN3etl3minIhNS_4lessIhEEEERKT_S5_S5_T0_
FN:831,_ZN3etl3minImEERKT_S3_S3_
FN:831,_ZN3etl3minIjEERKT_S3_S3_
FN:831,_ZN3etl3minIhEERKT_S3_S3_
FN:831,_ZN3etl3minItEERKT_S3_S3_
FN:844,_ZN3etl3maxIhNS_4lessIhEEEERKT_S5_S5_T0_
FN:844,_ZN3etl3maxIjNS_4lessIjEEEERKT_S5_S5_T0_
FN:852,_ZN3etl3maxIhEERKT_S3_S3_
FN:852,_ZN3etl3maxIjEERKT_S3_S3_
FNDA:6125,_ZN3etl3minImEERKT_S3_S3_
FNDA:26,_ZN3etl3minIjEERKT_S3_S3_
FNDA:1,_ZN3etl5equalIPhPKhEEbT_S4_T0_S5_
FNDA:4,_ZN3etl5equalIPKcS2_EEbT_S3_T0_
FNDA:26,_ZN3etl3maxIjNS_4lessIjEEEERKT_S5_S5_T0_
FNDA:26,_ZN3etl3minIjNS_4lessIjEEEERKT_S5_S5_T0_
FNDA:1,_ZN3etl4copyIPhS1_EET0_T_S3_S2_
FNDA:6125,_ZN3etl3minImNS_4lessImEEEERKT_S5_S5_T0_
FNDA:730,_ZN3etl3minItNS_4lessItEEEERKT_S5_S5_T0_
FNDA:346,_ZN3etl9iter_swapIPhS1_EEvT_T0_
FNDA:23,_ZN3etl4fillIPPN7storage10StorageJobES3_EEvT_S5_RKT0_
FNDA:18,_ZN3etl5equalIPKjS2_EEbT_S3_T0_
FNDA:1485,_ZN3etl3maxIhNS_4lessIhEEEERKT_S5_S5_T0_
FNDA:1485,_ZN3etl3maxIhEERKT_S3_S3_
FNDA:19,_ZN3etl5equalIPKhS2_EEbT_S3_T0_S4_
FNDA:33,_ZN3etl11lower_boundIPKN7storage13MappingConfigEjZNKS1_14MappingStorage14getConfigEntryEjEUlRS3_jE_EET_S8_S8_RKT0_T1_
FNDA:9,_ZN3etl7find_ifIPKN9transport14LogicalAddressEZNS1_13addressfinder22find8BitAddressInSliceEtRKNS_4spanIS3_Lm18446744073709551615EEEEUlS2_E_EET_SB_SB_T0_
FNDA:9,_ZN3etl7find_ifIPKN9transport14LogicalAddressEZNS1_13addressfinder22findDoipAddressInSliceEtRKNS_4spanIS3_Lm18446744073709551615EEEEUlS2_E_EET_SB_SB_T0_
FNDA:26,_ZN3etl3maxIjEERKT_S3_S3_
FNDA:80,_ZN3etl3minIhNS_4lessIhEEEERKT_S5_S5_T0_
FNDA:3912,_ZN3etl4copyIPKhPhEET0_T_S5_S4_
FNDA:730,_ZN3etl3minItEERKT_S3_S3_
FNDA:80,_ZN3etl3minIhEERKT_S3_S3_
FNDA:346,_ZN3etl17private_algorithm9swap_implILb1EE7do_swapIPhS4_EEvT_T0_
FNDA:21,_ZN3etl5equalIPKhPhEEbT_S4_T0_S5_
FNDA:24,_ZN3etl7find_ifINS_5ipool14ipool_iteratorILb0EEEZN3uds15DiagDispatcher210send_localERN9transport16TransportMessageEPNS6_34ITransportMessageProcessedListenerEEUlPvE_EET_SD_SD_T0_
FNDA:27,_ZN3etl4fillIPhhEEvT_S2_RKT0_
FNDA:5024,_ZN3etl6copy_nIPKcmPhEET1_T_T0_S4_
FNDA:1370,_ZN3etl7reverseIPhEENS_9enable_ifIXsrNS_10is_pointerIT_EE5valueEvE4typeES4_S4_
FNF:29
FNH:29
DA:139,346
DA:142,346
DA:143,346
DA:156,346
DA:167,346
DA:171,346
DA:172,346
DA:221,3913
DA:223,22477
DA:225,18564
DA:226,18564
DA:227,18564
DA:230,3913
DA:269,5024
DA:271,18542
DA:273,13518
DA:274,13518
DA:275,13518
DA:276,13518
DA:279,5024
DA:371,1370
DA:373,1370
DA:375,1716
DA:377,346
DA:378,346
DA:381,1370
DA:401,33
DA:405,33
DA:407,139
DA:409,106
DA:410,106
DA:412,106
DA:414,106
DA:416,36
DA:417,36
DA:421,70
DA:425,33
DA:530,42
DA:532,78
DA:534,49
DA:536,13
DA:539,36
DA:542,29
DA:576,50
DA:578,980
DA:580,930
DA:581,930
DA:583,50
DA:699,22
DA:701,72
DA:703,60
DA:705,10
DA:708,50
DA:709,50
DA:712,12
DA:739,41
DA:741,8472
DA:743,8431
DA:745,0
DA:748,8431
DA:749,8431
DA:752,41
DA:823,6961
DA:825,6961
DA:831,6961
DA:835,6961
DA:844,1511
DA:846,1511
DA:852,1511
DA:856,1511
LF:70
LH:69
end_of_record
TN:
SF:/home/jenkins/libs/3rdparty/etl/include/etl/alignment.h
FN:102,_ZN3etl10is_alignedILm1EEEbPKv
FN:102,_ZN3etl10is_alignedILm8EEEbPKv
FNDA:19,_ZN3etl10is_alignedILm8EEEbPKv
FNDA:3297,_ZN3etl10is_alignedILm1EEEbPKv
FNF:2
FNH:2
DA:102,3316
DA:104,3316
DA:105,3316
LF:3
LH:3
end_of_record
TN:
SF:/home/jenkins/libs/3rdparty/etl/include/etl/array.h
FN:146,_ZN3etl5arrayIN5async11TaskContextINS1_15FreeRtosAdapterIN12_GLOBAL__N_111TestBindingEEEEELm3EEixEm
FN:146,_ZN3etl5arrayImLm32EEixEm
FN:146,_ZN3etl5arrayIPN7storage10StorageJobELm2EEixEm
FN:146,_ZN3etl5arrayINS_8delegateIFvvEEELm2EEixEm
FN:146,_ZN3etl5arrayIN5async11TaskContextINS1_15FreeRtosAdapterINS1_12AsyncBindingEEEEELm3EEixEm
FN:146,_ZN3etl5arrayImLm8EEixEm
FN:146,_ZN3etl5arrayIhLm2EEixEm
FN:146,_ZN3etl5arrayINS_8delegateIFvvEEELm3EEixEm
FN:146,_ZN3etl5arrayIhLm10EEixEm
FN:146,_ZN3etl5arrayImLm49EEixEm
FN:146,_ZN3etl5arrayIhLm17EEixEm
FN:146,_ZN3etl5arrayIhLm4EEixEm
FN:146,_ZN3etl5arrayIhLm128EEixEm
FN:146,_ZN3etl5arrayIhLm20EEixEm
FN:146,_ZN3etl5arrayIhLm6EEixEm
FN:146,_ZN3etl5arrayIhLm3EEixEm
FN:146,_ZN3etl5arrayIPN2io7IWriterELm8EEixEm
FN:146,_ZN3etl5arrayINS_6stringILm16EEELm5EEixEm
FN:146,_ZN3etl5arrayIjLm4EEixEm
FN:146,_ZN3etl5arrayIhLm512EEixEm
FN:146,_ZN3etl5arrayIiLm4EEixEm
FN:146,_ZN3etl5arrayIhLm38EEixEm
FN:146,_ZN3etl5arrayIN7storage10StorageJobELm2EEixEm
FN:146,_ZN3etl5arrayIhLm40EEixEm
FN:146,_ZN3etl5arrayIhLm1024EEixEm
FN:146,_ZN3etl5arrayIhLm10240EEixEm
FN:157,_ZNK3etl5arrayINS_8delegateIFvvEEELm3EEixEm
FN:157,_ZNK3etl5arrayINS_8delegateIFvvEEELm2EEixEm
FN:157,_ZNK3etl5arrayIjLm4EEixEm
FN:157,_ZNK3etl5arrayINS_6stringILm16EEELm5EEixEm
FN:205,_ZN3etl5arrayIN7runtime14RuntimeMonitorIN12_GLOBAL__N_121TestContextStatisticsENS3_22TestFunctionStatisticsEE12ContextEntryELm2EE4dataEv
FN:205,_ZN3etl5arrayImLm64EE4dataEv
FN:205,_ZN3etl5arrayIN12_GLOBAL__N_114TestStatisticsELm4EE4dataEv
FN:205,_ZN3etl5arrayIN9lifecycle16LifecycleManager13ComponentInfoELm4EE4dataEv
FN:205,_ZN3etl5arrayImLm1EE4dataEv
FN:205,_ZN3etl5arrayIKPN7storage8IStorageELm3EE4dataEv
FN:205,_ZN3etl5arrayIPN2io7IWriterELm8EE4dataEv
FN:205,_ZN3etl5arrayImLm96EE4dataEv
FN:205,_ZN3etl5arrayIN12_GLOBAL__N_114TestStatisticsELm3EE4dataEv
FN:205,_ZN3etl5arrayIhLm9EE4dataEv
FN:205,_ZN3etl5arrayIN9lifecycle16LifecycleManager13ComponentInfoELm21EE4dataEv
FN:205,_ZN3etl5arrayIhLm38EE4dataEv
FN:205,_ZN3etl5arrayIhLm6EE4dataEv
FN:205,_ZN3etl5arrayImLm32EE4dataEv
FN:205,_ZN3etl5arrayIN12_GLOBAL__N_114TestStatisticsELm5EE4dataEv
FN:205,_ZN3etl5arrayIPN2io7IWriterELm1EE4dataEv
FN:205,_ZN3etl5arrayImLm48EE4dataEv
FN:205,_ZN3etl5arrayIN7runtime14RuntimeMonitorIN12_GLOBAL__N_121TestContextStatisticsENS3_22TestFunctionStatisticsEE12ContextEntryELm3EE4dataEv
FN:205,_ZN3etl5arrayIhLm5EE4dataEv
FN:205,_ZN3etl5arrayIhLm4EE4dataEv
FN:205,_ZN3etl5arrayIhLm2EE4dataEv
FN:205,_ZN3etl5arrayIhLm16384EE4dataEv
FN:205,_ZN3etl5arrayImLm16EE4dataEv
FN:205,_ZN3etl5arrayIhLm3EE4dataEv
FN:205,_ZN3etl5arrayIN9lifecycle16LifecycleManager13ComponentInfoELm3EE4dataEv
FN:205,_ZN3etl5arrayIhLm8EE4dataEv
FN:205,_ZN3etl5arrayIPN7storage10StorageJobELm2EE4dataEv
FN:205,_ZN3etl5arrayImLm49EE4dataEv
FN:228,_ZN3etl5arrayIhLm3EE5beginEv
FN:237,_ZNK3etl5arrayIKN9lifecycle8internal13LifecycleDescELm2EE5beginEv
FN:237,_ZNK3etl5arrayIKN9lifecycle8internal13LifecycleDescELm5EE5beginEv
FN:237,_ZNK3etl5arrayIKN9lifecycle8internal13LifecycleDescELm14EE5beginEv
FN:237,_ZNK3etl5arrayIjLm4EE5beginEv
FN:246,_ZNK3etl5arrayIjLm4EE6cbeginEv
FN:265,_ZNK3etl5arrayIKN9lifecycle8internal13LifecycleDescELm14EE3endEv
FN:265,_ZNK3etl5arrayIKN9lifecycle8internal13LifecycleDescELm2EE3endEv
FN:265,_ZNK3etl5arrayIKN9lifecycle8internal13LifecycleDescELm5EE3endEv
FN:274,_ZNK3etl5arrayIjLm4EE4cendEv
FN:352,_ZNK3etl5arrayImLm128EE4sizeEv
FN:352,_ZNK3etl5arrayImLm1EE4sizeEv
FN:352,_ZNK3etl5arrayIhLm4EE4sizeEv
FN:352,_ZNK3etl5arrayIhLm2EE4sizeEv
FN:352,_ZNK3etl5arrayImLm16EE4sizeEv
FN:352,_ZNK3etl5arrayIN12_GLOBAL__N_114TestStatisticsELm5EE4sizeEv
FN:352,_ZNK3etl5arrayIN12_GLOBAL__N_114TestStatisticsELm3EE4sizeEv
FN:352,_ZNK3etl5arrayImLm96EE4sizeEv
FN:352,_ZNK3etl5arrayImLm49EE4sizeEv
FN:352,_ZNK3etl5arrayIPN7storage10StorageJobELm2EE4sizeEv
FN:352,_ZNK3etl5arrayIhLm3EE4sizeEv
FN:352,_ZNK3etl5arrayIhLm6EE4sizeEv
FN:352,_ZNK3etl5arrayImLm32EE4sizeEv
FN:352,_ZNK3etl5arrayImLm256EE4sizeEv
FN:352,_ZNK3etl5arrayIhLm16384EE4sizeEv
FN:352,_ZNK3etl5arrayINS_6stringILm16EEELm5EE4sizeEv
FN:352,_ZNK3etl5arrayIN9lifecycle16LifecycleManager13ComponentInfoELm4EE4sizeEv
FN:352,_ZNK3etl5arrayIN9lifecycle16LifecycleManager13ComponentInfoELm3EE4sizeEv
FN:352,_ZNK3etl5arrayIN5async11TaskContextINS1_15FreeRtosAdapterINS1_12AsyncBindingEEEEELm3EE4sizeEv
FN:352,_ZNK3etl5arrayIhLm5EE4sizeEv
FN:352,_ZNK3etl5arrayIN9lifecycle16LifecycleManager13ComponentInfoELm21EE4sizeEv
FN:352,_ZNK3etl5arrayIKPN7storage8IStorageELm3EE4sizeEv
FN:352,_ZNK3etl5arrayIN5async11TaskContextINS1_15FreeRtosAdapterIN12_GLOBAL__N_111TestBindingEEEEELm3EE4sizeEv
FN:352,_ZNK3etl5arrayImLm64EE4sizeEv
FN:352,_ZNK3etl5arrayImLm48EE4sizeEv
FN:352,_ZNK3etl5arrayIN7runtime14RuntimeMonitorIN12_GLOBAL__N_121TestContextStatisticsENS3_22TestFunctionStatisticsEE12ContextEntryELm3EE4sizeEv
FN:352,_ZNK3etl5arrayIhLm8EE4sizeEv
FN:352,_ZNK3etl5arrayIhLm9EE4sizeEv
FN:352,_ZNK3etl5arrayIN7runtime14RuntimeMonitorIN12_GLOBAL__N_121TestContextStatisticsENS3_22TestFunctionStatisticsEE12ContextEntryELm2EE4sizeEv
FN:352,_ZNK3etl5arrayIN12_GLOBAL__N_114TestStatisticsELm4EE4sizeEv
FN:374,_ZN3etl5arrayIhLm3EE4fillEh
FN:374,_ZN3etl5arrayIhLm38EE4fillEh
FN:374,_ZN3etl5arrayIPN7storage10StorageJobELm2EE4fillES3_
FN:872,_ZNK3etl5arrayImLm0EE4sizeEv
FN:1097,_ZN3etleqIjLm4EEEbRKNS_5arrayIT_XT0_EEES5_
FNDA:1,_ZNK3etl5arrayIN12_GLOBAL__N_114TestStatisticsELm3EE4sizeEv
FNDA:23,_ZN3etl5arrayIhLm38EE4fillEh
FNDA:14,_ZN3etl5arrayImLm32EE4dataEv
FNDA:1,_ZNK3etl5arrayIN12_GLOBAL__N_114TestStatisticsELm5EE4sizeEv
FNDA:9,_ZN3etl5arrayIhLm10EEixEm
FNDA:89,_ZN3etl5arrayIhLm6EE4dataEv
FNDA:15,_ZN3etl5arrayIhLm3EE5beginEv
FNDA:1,_ZNK3etl5arrayIKN9lifecycle8internal13LifecycleDescELm14EE3endEv
FNDA:1,_ZNK3etl5arrayImLm96EE4sizeEv
FNDA:3,_ZN3etl5arrayImLm49EEixEm
FNDA:19,_ZNK3etl5arrayIjLm4EEixEm
FNDA:0,_ZN3etl5arrayIhLm4EEixEm
FNDA:89,_ZNK3etl5arrayIhLm6EE4sizeEv
FNDA:5271,_ZN3etl5arrayIhLm17EEixEm
FNDA:20,_ZNK3etl5arrayIhLm3EE4sizeEv
FNDA:46,_ZNK3etl5arrayIPN7storage10StorageJobELm2EE4sizeEv
FNDA:3,_ZNK3etl5arrayImLm49EE4sizeEv
FNDA:1,_ZN3etl5arrayIPN2io7IWriterELm1EE4dataEv
FNDA:1,_ZNK3etl5arrayImLm256EE4sizeEv
FNDA:4,_ZNK3etl5arrayIhLm16384EE4sizeEv
FNDA:97,_ZN3etl5arrayIhLm6EEixEm
FNDA:2,_ZN3etl5arrayIN12_GLOBAL__N_114TestStatisticsELm5EE4dataEv
FNDA:1,_ZNK3etl5arrayIKN9lifecycle8internal13LifecycleDescELm14EE5beginEv
FNDA:7,_ZNK3etl5arrayImLm32EE4sizeEv
FNDA:491,_ZN3etl5arrayIhLm20EEixEm
FNDA:59,_ZN3etl5arrayIhLm128EEixEm
FNDA:46,_ZN3etl5arrayIPN7storage10StorageJobELm2EEixEm
FNDA:2,_ZN3etl5arrayImLm32EEixEm
FNDA:10,_ZN3etl5arrayImLm64EE4dataEv
FNDA:12,_ZN3etl5arrayIN5async11TaskContextINS1_15FreeRtosAdapterIN12_GLOBAL__N_111TestBindingEEEEELm3EEixEm
FNDA:3,_ZN3etl5arrayIhLm3EE4fillEh
FNDA:2,_ZNK3etl5arrayImLm128EE4sizeEv
FNDA:2,_ZN3etl5arrayIN7runtime14RuntimeMonitorIN12_GLOBAL__N_121TestContextStatisticsENS3_22TestFunctionStatisticsEE12ContextEntryELm2EE4dataEv
FNDA:11,_ZN3etl5arrayIN5async11TaskContextINS1_15FreeRtosAdapterINS1_12AsyncBindingEEEEELm3EEixEm
FNDA:362,_ZN3etl5arrayINS_8delegateIFvvEEELm2EEixEm
FNDA:18,_ZNK3etl5arrayIjLm4EE4cendEv
FNDA:2,_ZN3etl5arrayIN12_GLOBAL__N_114TestStatisticsELm3EE4dataEv
FNDA:2,_ZN3etl5arrayImLm96EE4dataEv
FNDA:4,_ZN3etl5arrayIPN2io7IWriterELm8EE4dataEv
FNDA:46,_ZN3etl5arrayIKPN7storage8IStorageELm3EE4dataEv
FNDA:2,_ZN3etl5arrayImLm1EE4dataEv
FNDA:18,_ZNK3etl5arrayINS_8delegateIFvvEEELm3EEixEm
FNDA:2,_ZN3etl5arrayIN12_GLOBAL__N_114TestStatisticsELm4EE4dataEv
FNDA:6,_ZN3etl5arrayIN9lifecycle16LifecycleManager13ComponentInfoELm4EE4dataEv
FNDA:11,_ZN3etl5arrayIhLm9EE4dataEv
FNDA:6,_ZNK3etl5arrayIhLm4EE4sizeEv
FNDA:26,_ZNK3etl5arrayINS_8delegateIFvvEEELm2EEixEm
FNDA:1,_ZNK3etl5arrayImLm1EE4sizeEv
FNDA:39,_ZN3etl5arrayImLm8EEixEm
FNDA:23,_ZN3etl5arrayIhLm38EE4dataEv
FNDA:1,_ZNK3etl5arrayIKN9lifecycle8internal13LifecycleDescELm5EE5beginEv
FNDA:4,_ZN3etl5arrayINS_8delegateIFvvEEELm3EEixEm
FNDA:1,_ZNK3etl5arrayImLm0EE4sizeEv
FNDA:1,_ZNK3etl5arrayImLm16EE4sizeEv
FNDA:1,_ZNK3etl5arrayIKN9lifecycle8internal13LifecycleDescELm2EE5beginEv
FNDA:0,_ZN3etl5arrayIhLm2EEixEm
FNDA:1,_ZNK3etl5arrayIhLm2EE4sizeEv
FNDA:2,_ZN3etl5arrayIN9lifecycle16LifecycleManager13ComponentInfoELm21EE4dataEv
FNDA:5,_ZNK3etl5arrayImLm64EE4sizeEv
FNDA:2,_ZNK3etl5arrayIN5async11TaskContextINS1_15FreeRtosAdapterIN12_GLOBAL__N_111TestBindingEEEEELm3EE4sizeEv
FNDA:340,_ZN3etl5arrayIhLm38EEixEm
FNDA:8,_ZN3etl5arrayIhLm16384EE4dataEv
FNDA:40,_ZN3etl5arrayIhLm3EE4dataEv
FNDA:23,_ZN3etl5arrayIPN7storage10StorageJobELm2EE4fillES3_
FNDA:1,_ZNK3etl5arrayIN7runtime14RuntimeMonitorIN12_GLOBAL__N_121TestContextStatisticsENS3_22TestFunctionStatisticsEE12ContextEntryELm3EE4sizeEv
FNDA:2,_ZN3etl5arrayImLm16EE4dataEv
FNDA:1,_ZNK3etl5arrayImLm48EE4sizeEv
FNDA:1,_ZNK3etl5arrayIN12_GLOBAL__N_114TestStatisticsELm4EE4sizeEv
FNDA:1,_ZNK3etl5arrayIN7runtime14RuntimeMonitorIN12_GLOBAL__N_121TestContextStatisticsENS3_22TestFunctionStatisticsEE12ContextEntryELm2EE4sizeEv
FNDA:46,_ZN3etl5arrayIhLm8EE4dataEv
FNDA:6,_ZN3etl5arrayIN9lifecycle16LifecycleManager13ComponentInfoELm3EE4dataEv
FNDA:11,_ZNK3etl5arrayIhLm9EE4sizeEv
FNDA:1,_ZNK3etl5arrayIKN9lifecycle8internal13LifecycleDescELm5EE3endEv
FNDA:23,_ZNK3etl5arrayIhLm8EE4sizeEv
FNDA:1,_ZNK3etl5arrayIKN9lifecycle8internal13LifecycleDescELm2EE3endEv
FNDA:6,_ZN3etl5arrayImLm49EE4dataEv
FNDA:51,_ZN3etl5arrayIhLm10240EEixEm
FNDA:18,_ZN3etleqIjLm4EEEbRKNS_5arrayIT_XT0_EEES5_
FNDA:22,_ZNK3etl5arrayINS_6stringILm16EEELm5EEixEm
FNDA:36,_ZNK3etl5arrayIjLm4EE6cbeginEv
FNDA:92,_ZN3etl5arrayIPN7storage10StorageJobELm2EE4dataEv
FNDA:5,_ZN3etl5arrayIhLm1024EEixEm
FNDA:77,_ZN3etl5arrayIhLm40EEixEm
FNDA:46,_ZN3etl5arrayIN7storage10StorageJobELm2EEixEm
FNDA:2,_ZN3etl5arrayIN7runtime14RuntimeMonitorIN12_GLOBAL__N_121TestContextStatisticsENS3_22TestFunctionStatisticsEE12ContextEntryELm3EE4dataEv
FNDA:2,_ZN3etl5arrayImLm48EE4dataEv
FNDA:14,_ZNK3etl5arrayINS_6stringILm16EEELm5EE4sizeEv
FNDA:53,_ZN3etl5arrayIhLm3EEixEm
FNDA:3,_ZNK3etl5arrayIN9lifecycle16LifecycleManager13ComponentInfoELm3EE4sizeEv
FNDA:3,_ZNK3etl5arrayIN9lifecycle16LifecycleManager13ComponentInfoELm4EE4sizeEv
FNDA:11,_ZN3etl5arrayIhLm4EE4dataEv
FNDA:16,_ZN3etl5arrayIPN2io7IWriterELm8EEixEm
FNDA:8,_ZN3etl5arrayIhLm5EE4dataEv
FNDA:4,_ZNK3etl5arrayIhLm5EE4sizeEv
FNDA:0,_ZN3etl5arrayIhLm512EEixEm
FNDA:166,_ZN3etl5arrayIjLm4EEixEm
FNDA:36,_ZNK3etl5arrayIjLm4EE5beginEv
FNDA:2,_ZN3etl5arrayIhLm2EE4dataEv
FNDA:2,_ZN3etl5arrayINS_6stringILm16EEELm5EEixEm
FNDA:2,_ZNK3etl5arrayIN5async11TaskContextINS1_15FreeRtosAdapterINS1_12AsyncBindingEEEEELm3EE4sizeEv
FNDA:23,_ZNK3etl5arrayIKPN7storage8IStorageELm3EE4sizeEv
FNDA:1,_ZNK3etl5arrayIN9lifecycle16LifecycleManager13ComponentInfoELm21EE4sizeEv
FNDA:2,_ZN3etl5arrayIiLm4EEixEm
FNF:103
FNH:100
DA:146,7164
DA:148,7164
DA:157,85
DA:159,85
DA:205,443
DA:207,443
DA:228,15
DA:230,15
DA:237,39
DA:239,39
DA:246,36
DA:248,36
DA:265,3
DA:267,3
DA:274,18
DA:276,18
DA:352,279
DA:354,279
DA:374,49
DA:376,49
DA:377,49
DA:872,1
DA:874,1
DA:1097,18
DA:1099,18
LF:25
LH:25
end_of_record
TN:
SF:/home/jenkins/libs/3rdparty/etl/include/etl/basic_string.h
FN:193,_ZNK3etl11string_base4sizeEv
FN:202,_ZNK3etl11string_base6lengthEv
FN:211,_ZNK3etl11string_base5emptyEv
FN:290,_ZN3etl11string_base10set_secureEv
FN:299,_ZNK3etl11string_base9is_secureEv
FN:313,_ZN3etl11string_baseC2Em
FN:323,_ZN3etl11string_base13set_truncatedEb
FN:332,_ZN3etl11string_baseD2Ev
FN:372,_ZN3etl13ibasic_stringIcE5beginEv
FN:381,_ZNK3etl13ibasic_stringIcE5beginEv
FN:399,_ZNK3etl13ibasic_stringIcE3endEv
FN:728,_ZN3etl13ibasic_stringIcE6assignEPKc
FN:792,_ZN3etl13ibasic_stringIcE5clearEv
FN:1388,_ZNK3etl13ibasic_stringIcE5c_strEv
FN:2472,_ZN3etl13ibasic_stringIcEC2EPcm
FN:2481,_ZN3etl13ibasic_stringIcE10initialiseEv
FN:2656,_ZN3etl13ibasic_stringIcE7cleanupEv
FN:2685,_ZN3etl13ibasic_stringIcED2Ev
FN:2790,_ZN3etl13ibasic_stringIcE11append_implEPcPKcbb
FN:2886,_ZN3etl13ibasic_stringIcE17get_string_lengthIcEENS_9enable_ifIXeqstT_stcEmE4typeEPKS4_
FN:2940,_ZN3etleqIcEEbRKNS_13ibasic_stringIT_EES5_
FNDA:8,_ZNK3etl11string_base4sizeEv
FNDA:10,_ZN3etl13ibasic_stringIcE7cleanupEv
FNDA:13,_ZN3etl13ibasic_stringIcED2Ev
FNDA:8,_ZNK3etl13ibasic_stringIcE5beginEv
FNDA:10,_ZN3etl13ibasic_stringIcE5beginEv
FNDA:4,_ZNK3etl13ibasic_stringIcE3endEv
FNDA:14,_ZNK3etl11string_base5emptyEv
FNDA:10,_ZN3etl13ibasic_stringIcE17get_string_lengthIcEENS_9enable_ifIXeqstT_stcEmE4typeEPKS4_
FNDA:0,_ZN3etl13ibasic_stringIcE5clearEv
FNDA:13,_ZN3etl11string_baseC2Em
FNDA:0,_ZN3etl11string_base10set_secureEv
FNDA:0,_ZNK3etl11string_base6lengthEv
FNDA:10,_ZN3etl13ibasic_stringIcE11append_implEPcPKcbb
FNDA:4,_ZN3etleqIcEEbRKNS_13ibasic_stringIT_EES5_
FNDA:13,_ZN3etl13ibasic_stringIcEC2EPcm
FNDA:8,_ZNK3etl13ibasic_stringIcE5c_strEv
FNDA:13,_ZN3etl11string_baseD2Ev
FNDA:10,_ZN3etl13ibasic_stringIcE6assignEPKc
FNDA:23,_ZNK3etl11string_base9is_secureEv
FNDA:23,_ZN3etl11string_base13set_truncatedEb
FNDA:13,_ZN3etl13ibasic_stringIcE10initialiseEv
FNF:21
FNH:18
DA:193,8
DA:195,8
DA:202,0
DA:204,0
DA:211,14
DA:213,14
DA:290,0
DA:292,0
DA:293,0
DA:299,23
DA:302,23
DA:313,13
DA:314,13
DA:315,13
DA:317,13
DA:323,23
DA:325,23
DA:326,23
DA:332,13
DA:334,13
DA:372,10
DA:374,10
DA:381,8
DA:383,8
DA:399,4
DA:401,4
DA:728,10
DA:730,10
DA:731,10
DA:792,0
DA:794,0
DA:795,0
DA:796,0
DA:1388,8
DA:1390,8
DA:2472,13
DA:2474,13
DA:2476,13
DA:2481,13
DA:2483,13
DA:2484,13
DA:2486,13
DA:2488,13
DA:2656,10
DA:2659,10
DA:2661,0
DA:2664,10
DA:2685,13
DA:2688,13
DA:2690,0
DA:2693,13
DA:2790,10
DA:2792,10
DA:2794,0
DA:2795,0
DA:2798,10
DA:2799,10
DA:2801,10
DA:2802,10
DA:2803,10
DA:2804,10
DA:2806,10
DA:2807,10
DA:2808,10
DA:2811,10
DA:2818,10
DA:2820,0
DA:2824,10
DA:2886,10
DA:2888,10
DA:2940,4
DA:2942,4
LF:72
LH:58
end_of_record
TN:
SF:/home/jenkins/libs/3rdparty/etl/include/etl/binary.h
FN:727,_ZN3etl13reverse_bytesIhEENS_9enable_ifIXaaaasrNS_11is_integralIT_EE5valuesrNS_11is_unsignedIS3_EE5valueeqsrNS_15integral_limitsIS3_EE4bitsLj8EES3_E4typeES3_
FN:740,_ZN3etl13reverse_bytesItEENS_9enable_ifIXaaaasrNS_11is_integralIT_EE5valuesrNS_11is_unsignedIS3_EE5valueeqsrNS_15integral_limitsIS3_EE4bitsLj16EES3_E4typeES3_
FN:756,_ZN3etl13reverse_bytesIjEENS_9enable_ifIXaaaasrNS_11is_integralIT_EE5valuesrNS_11is_unsignedIS3_EE5valueeqsrNS_15integral_limitsIS3_EE4bitsLj32EES3_E4typeES3_
FNDA:231,_ZN3etl13reverse_bytesItEENS_9enable_ifIXaaaasrNS_11is_integralIT_EE5valuesrNS_11is_unsignedIS3_EE5valueeqsrNS_15integral_limitsIS3_EE4bitsLj16EES3_E4typeES3_
FNDA:2040,_ZN3etl13reverse_bytesIhEENS_9enable_ifIXaaaasrNS_11is_integralIT_EE5valuesrNS_11is_unsignedIS3_EE5valueeqsrNS_15integral_limitsIS3_EE4bitsLj8EES3_E4typeES3_
FNDA:2761,_ZN3etl13reverse_bytesIjEENS_9enable_ifIXaaaasrNS_11is_integralIT_EE5valuesrNS_11is_unsignedIS3_EE5valueeqsrNS_15integral_limitsIS3_EE4bitsLj32EES3_E4typeES3_
FNF:3
FNH:3
DA:727,2040
DA:729,2040
DA:740,231
DA:745,231
DA:756,2761
DA:761,2761
DA:762,2761
DA:764,2761
LF:8
LH:8
end_of_record
TN:
SF:/home/jenkins/libs/3rdparty/etl/include/etl/char_traits.h
FN:140,_ZN3etl11char_traitsIcE6lengthEPKc
FN:158,_ZN3etl11char_traitsIcE6lengthEPKcm
FN:287,_ZN3etl6strlenIcEEmPKT_
FN:296,_ZN3etl6strlenIcEEmPKT_m
FNDA:672,_ZN3etl11char_traitsIcE6lengthEPKcm
FNDA:46,_ZN3etl6strlenIcEEmPKT_
FNDA:672,_ZN3etl6strlenIcEEmPKT_m
FNDA:140,_ZN3etl11char_traitsIcE6lengthEPKc
FNF:4
FNH:4
DA:140,140
DA:142,140
DA:144,0
DA:147,140
DA:149,1183
DA:154,140
DA:158,672
DA:160,672
DA:162,672
DA:164,732
DA:166,60
DA:170,672
DA:287,46
DA:289,46
DA:296,672
DA:298,672
LF:16
LH:15
end_of_record
TN:
SF:/home/jenkins/libs/3rdparty/etl/include/etl/circular_buffer.h
FN:54,_ZN3etl25circular_buffer_exceptionC2EPKcS2_i
FN:67,_ZN3etl21circular_buffer_emptyC2EPKci
FN:103,_ZNK3etl20circular_buffer_base5emptyEv
FN:109,_ZNK3etl20circular_buffer_base4fullEv
FN:143,_ZN3etl20circular_buffer_baseC2Em
FN:151,_ZN3etl20circular_buffer_base12increment_inEv
FN:161,_ZN3etl20circular_buffer_base13increment_outEv
FN:846,_ZN3etl16icircular_bufferIjE5frontEv
FN:908,_ZN3etl16icircular_bufferIjE4pushERKj
FN:989,_ZN3etl16icircular_bufferIjE5clearEv
FN:1042,_ZN3etl16icircular_bufferIjEC2EPjm
FN:1102,_ZN3etl16icircular_bufferIjED2Ev
FN:1124,_ZN3etl15circular_bufferIjLm5EEC2Ev
FN:1222,_ZN3etl15circular_bufferIjLm5EED2Ev
FNDA:6,_ZN3etl20circular_buffer_base13increment_outEv
FNDA:1,_ZN3etl16icircular_bufferIjE5clearEv
FNDA:1,_ZN3etl20circular_buffer_baseC2Em
FNDA:1,_ZN3etl16icircular_bufferIjEC2EPjm
FNDA:6,_ZNK3etl20circular_buffer_base4fullEv
FNDA:0,_ZN3etl25circular_buffer_exceptionC2EPKcS2_i
FNDA:11,_ZN3etl20circular_buffer_base12increment_inEv
FNDA:11,_ZN3etl16icircular_bufferIjE4pushERKj
FNDA:0,_ZN3etl21circular_buffer_emptyC2EPKci
FNDA:1,_ZN3etl15circular_bufferIjLm5EED2Ev
FNDA:1,_ZN3etl16icircular_bufferIjED2Ev
FNDA:1,_ZN3etl15circular_bufferIjLm5EEC2Ev
FNDA:6,_ZNK3etl20circular_buffer_base5emptyEv
FNDA:6,_ZN3etl16icircular_bufferIjE5frontEv
FNF:14
FNH:12
DA:54,0
DA:55,0
DA:57,0
DA:67,0
DA:68,0
DA:70,0
DA:103,6
DA:105,6
DA:109,6
DA:111,6
DA:113,6
DA:114,6
DA:116,1
DA:119,6
DA:143,1
DA:144,1
DA:145,1
DA:146,1
DA:148,1
DA:151,11
DA:153,11
DA:154,11
DA:156,1
DA:158,11
DA:161,6
DA:163,6
DA:164,6
DA:166,1
DA:168,6
DA:846,6
DA:848,6
DA:850,6
DA:908,11
DA:910,11
DA:911,11
DA:914,11
DA:917,6
DA:918,6
DA:924,11
DA:989,1
DA:993,1
DA:994,1
DA:1004,1
DA:1042,1
DA:1044,1
DA:1046,1
DA:1102,1
DA:1104,1
DA:1124,1
DA:1125,1
DA:1127,1
DA:1222,1
DA:1224,1
DA:1225,1
LF:54
LH:48
end_of_record
TN:
SF:/home/jenkins/libs/3rdparty/etl/include/etl/closure.h
FN:74,_ZN3etl7closureIFvPN9transport16TransportMessageENS1_34ITransportMessageProcessedListener16ProcessingResultEEEC2ERKNS_8delegateIS6_EES3_S5_
FN:74,_ZN3etl7closureIFvtPN3uds15AbstractDiagJobEEEC2ERKNS_8delegateIS4_EEtS3_
FN:74,_ZN3etl7closureIFvPN3uds22IncomingDiagConnectionEPKhtEEC2ERKNS_8delegateIS6_EES3_S5_t
FN:74,_ZN3etl7closureIFvhPN3uds15AbstractDiagJobEEEC2ERKNS_8delegateIS4_EEhS3_
FN:74,_ZN3etl7closureIFvtjEEC2ERKNS_8delegateIS1_EEtj
FN:84,_ZNK3etl7closureIFvtPN3uds15AbstractDiagJobEEEclEv
FN:84,_ZNK3etl7closureIFvPN9transport16TransportMessageENS1_34ITransportMessageProcessedListener16ProcessingResultEEEclEv
FN:84,_ZNK3etl7closureIFvhPN3uds15AbstractDiagJobEEEclEv
FN:84,_ZNK3etl7closureIFvPN3uds22IncomingDiagConnectionEPKhtEEclEv
FN:84,_ZNK3etl7closureIFvtjEEclEv
FN:137,_ZNK3etl7closureIFvPN9transport16TransportMessageENS1_34ITransportMessageProcessedListener16ProcessingResultEEE7executeIJLm0ELm1EEEEvNS_16integer_sequenceImJXspT_EEEE
FN:137,_ZNK3etl7closureIFvtPN3uds15AbstractDiagJobEEE7executeIJLm0ELm1EEEEvNS_16integer_sequenceImJXspT_EEEE
FN:137,_ZNK3etl7closureIFvhPN3uds15AbstractDiagJobEEE7executeIJLm0ELm1EEEEvNS_16integer_sequenceImJXspT_EEEE
FN:137,_ZNK3etl7closureIFvtjEE7executeIJLm0ELm1EEEEvNS_16integer_sequenceImJXspT_EEEE
FN:137,_ZNK3etl7closureIFvPN3uds22IncomingDiagConnectionEPKhtEE7executeIJLm0ELm1ELm2EEEEvNS_16integer_sequenceImJXspT_EEEE
FNDA:20,_ZNK3etl7closureIFvtPN3uds15AbstractDiagJobEEEclEv
FNDA:270,_ZN3etl7closureIFvtPN3uds15AbstractDiagJobEEEC2ERKNS_8delegateIS4_EEtS3_
FNDA:3,_ZNK3etl7closureIFvPN9transport16TransportMessageENS1_34ITransportMessageProcessedListener16ProcessingResultEEE7executeIJLm0ELm1EEEEvNS_16integer_sequenceImJXspT_EEEE
FNDA:20,_ZNK3etl7closureIFvtPN3uds15AbstractDiagJobEEE7executeIJLm0ELm1EEEEvNS_16integer_sequenceImJXspT_EEEE
FNDA:256,_ZN3etl7closureIFvhPN3uds15AbstractDiagJobEEEC2ERKNS_8delegateIS4_EEhS3_
FNDA:2,_ZNK3etl7closureIFvPN3uds22IncomingDiagConnectionEPKhtEEclEv
FNDA:3,_ZNK3etl7closureIFvPN9transport16TransportMessageENS1_34ITransportMessageProcessedListener16ProcessingResultEEEclEv
FNDA:9,_ZN3etl7closureIFvPN3uds22IncomingDiagConnectionEPKhtEEC2ERKNS_8delegateIS6_EES3_S5_t
FNDA:6,_ZNK3etl7closureIFvhPN3uds15AbstractDiagJobEEEclEv
FNDA:253,_ZN3etl7closureIFvPN9transport16TransportMessageENS1_34ITransportMessageProcessedListener16ProcessingResultEEEC2ERKNS_8delegateIS6_EES3_S5_
FNDA:1,_ZNK3etl7closureIFvtjEE7executeIJLm0ELm1EEEEvNS_16integer_sequenceImJXspT_EEEE
FNDA:2,_ZNK3etl7closureIFvPN3uds22IncomingDiagConnectionEPKhtEE7executeIJLm0ELm1ELm2EEEEvNS_16integer_sequenceImJXspT_EEEE
FNDA:1,_ZN3etl7closureIFvtjEEC2ERKNS_8delegateIS1_EEtj
FNDA:6,_ZNK3etl7closureIFvhPN3uds15AbstractDiagJobEEE7executeIJLm0ELm1EEEEvNS_16integer_sequenceImJXspT_EEEE
FNDA:1,_ZNK3etl7closureIFvtjEEclEv
FNF:15
FNH:15
DA:74,789
DA:75,789
DA:76,789
DA:78,789
DA:84,32
DA:86,32
DA:137,32
DA:139,32
LF:8
LH:8
end_of_record
TN:
SF:/home/jenkins/libs/3rdparty/etl/include/etl/deque.h
FN:153,_ZNK3etl10deque_base5emptyEv
FN:162,_ZNK3etl10deque_base4fullEv
FN:199,_ZN3etl10deque_baseC2Emm
FN:209,_ZN3etl10deque_baseD2Ev
FN:251,_ZN3etl6idequeIN4bios19CanFlex2Transceiver17TxJobWithCallbackEE8iteratorC2Ev
FN:259,_ZN3etl6idequeIN4bios19CanFlex2Transceiver17TxJobWithCallbackEE8iteratorC2ERKS5_
FN:267,_ZN3etl6idequeIN4bios19CanFlex2Transceiver17TxJobWithCallbackEE8iteratoraSERKS5_
FN:277,_ZN3etl6idequeIN4bios19CanFlex2Transceiver17TxJobWithCallbackEE8iteratorppEv
FN:294,_ZN3etl6idequeIN4bios19CanFlex2Transceiver17TxJobWithCallbackEE8iteratorpLEl
FN:310,_ZN3etl6idequeIN4bios19CanFlex2Transceiver17TxJobWithCallbackEE8iteratormIEl
FN:326,_ZN3etl6idequeIN4bios19CanFlex2Transceiver17TxJobWithCallbackEE8iteratormmEv
FN:343,_ZNK3etl6idequeIN4bios19CanFlex2Transceiver17TxJobWithCallbackEE8iteratordeEv
FN:389,_ZN3etlmiERKNS_6idequeIN4bios19CanFlex2Transceiver17TxJobWithCallbackEE8iteratorEl
FN:482,_ZN3etl6idequeIN4bios19CanFlex2Transceiver17TxJobWithCallbackEE8iteratorC2ElRS4_PS3_
FN:849,_ZN3etl6idequeIN4bios19CanFlex2Transceiver17TxJobWithCallbackEE5frontEv
FN:867,_ZN3etl6idequeIN4bios19CanFlex2Transceiver17TxJobWithCallbackEE4backEv
FN:980,_ZN3etl6idequeIN4bios19CanFlex2Transceiver17TxJobWithCallbackEE5clearEv
FN:1787,_ZN3etl6idequeIN4bios19CanFlex2Transceiver17TxJobWithCallbackEE12emplace_backIJRN3can21ICANFrameSentListenerERKNS6_8CANFrameEEEERS3_DpOT_
FN:2045,_ZN3etl6idequeIN4bios19CanFlex2Transceiver17TxJobWithCallbackEE9pop_frontEv
FN:2147,_ZN3etl6idequeIN4bios19CanFlex2Transceiver17TxJobWithCallbackEEC2EPS3_mm
FN:2156,_ZN3etl6idequeIN4bios19CanFlex2Transceiver17TxJobWithCallbackEE10initialiseEv
FN:2288,_ZN3etl6idequeIN4bios19CanFlex2Transceiver17TxJobWithCallbackEE21destroy_element_frontEv
FN:2299,_ZN3etl6idequeIN4bios19CanFlex2Transceiver17TxJobWithCallbackEE20destroy_element_backEv
FN:2360,_ZN3etl6idequeIN4bios19CanFlex2Transceiver17TxJobWithCallbackEED2Ev
FN:2397,_ZN3etl5dequeIN4bios19CanFlex2Transceiver17TxJobWithCallbackELm3EEC2Ev
FN:2406,_ZN3etl5dequeIN4bios19CanFlex2Transceiver17TxJobWithCallbackELm3EED2Ev
FNDA:26,_ZN3etl6idequeIN4bios19CanFlex2Transceiver17TxJobWithCallbackEE8iteratorppEv
FNDA:18,_ZN3etl6idequeIN4bios19CanFlex2Transceiver17TxJobWithCallbackEE8iteratorC2ERKS5_
FNDA:36,_ZN3etl6idequeIN4bios19CanFlex2Transceiver17TxJobWithCallbackEED2Ev
FNDA:18,_ZN3etlmiERKNS_6idequeIN4bios19CanFlex2Transceiver17TxJobWithCallbackEE8iteratorEl
FNDA:8,_ZN3etl6idequeIN4bios19CanFlex2Transceiver17TxJobWithCallbackEE9pop_frontEv
FNDA:36,_ZN3etl10deque_baseD2Ev
FNDA:36,_ZN3etl5dequeIN4bios19CanFlex2Transceiver17TxJobWithCallbackELm3EEC2Ev
FNDA:9,_ZN3etl6idequeIN4bios19CanFlex2Transceiver17TxJobWithCallbackEE5frontEv
FNDA:63,_ZNK3etl6idequeIN4bios19CanFlex2Transceiver17TxJobWithCallbackEE8iteratordeEv
FNDA:166,_ZN3etl6idequeIN4bios19CanFlex2Transceiver17TxJobWithCallbackEE8iteratoraSERKS5_
FNDA:36,_ZN3etl10deque_baseC2Emm
FNDA:10,_ZN3etl6idequeIN4bios19CanFlex2Transceiver17TxJobWithCallbackEE20destroy_element_backEv
FNDA:18,_ZN3etl6idequeIN4bios19CanFlex2Transceiver17TxJobWithCallbackEE8iteratormIEl
FNDA:0,_ZN3etl6idequeIN4bios19CanFlex2Transceiver17TxJobWithCallbackEE8iteratorpLEl
FNDA:30,_ZNK3etl10deque_base5emptyEv
FNDA:10,_ZN3etl6idequeIN4bios19CanFlex2Transceiver17TxJobWithCallbackEE8iteratormmEv
FNDA:36,_ZN3etl6idequeIN4bios19CanFlex2Transceiver17TxJobWithCallbackEEC2EPS3_mm
FNDA:8,_ZN3etl6idequeIN4bios19CanFlex2Transceiver17TxJobWithCallbackEE21destroy_element_frontEv
FNDA:18,_ZN3etl6idequeIN4bios19CanFlex2Transceiver17TxJobWithCallbackEE4backEv
FNDA:83,_ZN3etl6idequeIN4bios19CanFlex2Transceiver17TxJobWithCallbackEE10initialiseEv
FNDA:36,_ZN3etl5dequeIN4bios19CanFlex2Transceiver17TxJobWithCallbackELm3EED2Ev
FNDA:166,_ZN3etl6idequeIN4bios19CanFlex2Transceiver17TxJobWithCallbackEE8iteratorC2ElRS4_PS3_
FNDA:72,_ZN3etl6idequeIN4bios19CanFlex2Transceiver17TxJobWithCallbackEE8iteratorC2Ev
FNDA:11,_ZN3etl6idequeIN4bios19CanFlex2Transceiver17TxJobWithCallbackEE5clearEv
FNDA:19,_ZNK3etl10deque_base4fullEv
FNDA:18,_ZN3etl6idequeIN4bios19CanFlex2Transceiver17TxJobWithCallbackEE12emplace_backIJRN3can21ICANFrameSentListenerERKNS6_8CANFrameEEEERS3_DpOT_
FNF:26
FNH:25
DA:153,30
DA:155,30
DA:162,19
DA:164,19
DA:199,36
DA:200,36
DA:201,36
DA:202,36
DA:204,36
DA:209,36
DA:211,36
DA:251,72
DA:252,72
DA:253,72
DA:254,72
DA:256,72
DA:259,18
DA:260,18
DA:261,18
DA:262,18
DA:264,18
DA:267,166
DA:269,166
DA:270,166
DA:271,166
DA:273,166
DA:277,26
DA:279,26
DA:281,26
DA:294,0
DA:296,0
DA:298,0
DA:299,0
DA:301,0
DA:303,0
DA:306,0
DA:310,18
DA:312,18
DA:314,18
DA:315,18
DA:317,0
DA:319,0
DA:322,18
DA:326,10
DA:328,10
DA:330,10
DA:343,63
DA:345,63
DA:389,18
DA:391,18
DA:392,18
DA:393,18
DA:482,166
DA:483,166
DA:484,166
DA:485,166
DA:487,166
DA:849,9
DA:851,9
DA:867,18
DA:869,18
DA:980,11
DA:982,11
DA:983,11
DA:1787,18
DA:1793,18
DA:1794,18
DA:1795,18
DA:1797,18
DA:2045,8
DA:2050,8
DA:2051,8
DA:2147,36
DA:2149,36
DA:2151,36
DA:2156,83
DA:2165,93
DA:2167,10
DA:2171,83
DA:2172,83
DA:2173,83
DA:2288,8
DA:2290,8
DA:2291,8
DA:2293,8
DA:2294,8
DA:2299,10
DA:2301,10
DA:2302,10
DA:2303,10
DA:2305,10
DA:2360,36
DA:2362,36
DA:2397,36
DA:2398,36
DA:2400,36
DA:2401,36
DA:2406,36
DA:2408,36
DA:2409,36
LF:100
LH:91
end_of_record
TN:
SF:/home/jenkins/libs/3rdparty/etl/include/etl/endianness.h
FN:108,_ZNK3etl6endiancviEv
FN:108,_ZN3etl6endianC2ENS0_9enum_typeE
FN:134,_ZN3etl10endianness5valueEv
FN:145,_ZN3etl10endianness3getEv
FNDA:6402,_ZN3etl10endianness5valueEv
FNDA:6402,_ZN3etl6endianC2ENS0_9enum_typeE
FNDA:6402,_ZN3etl10endianness3getEv
FNDA:6402,_ZNK3etl6endiancviEv
FNF:4
FNH:4
DA:108,12804
DA:134,6402
DA:139,6402
DA:145,6402
DA:147,6402
LF:5
LH:5
end_of_record
TN:
SF:/home/jenkins/libs/3rdparty/etl/include/etl/exception.h
FN:69,_ZN3etl9exceptionC2EPKcS2_i
FNDA:1,_ZN3etl9exceptionC2EPKcS2_i
FNF:1
FNH:1
DA:69,1
DA:70,1
DA:71,1
DA:73,1
LF:4
LH:4
end_of_record
TN:
SF:/home/jenkins/libs/3rdparty/etl/include/etl/flags.h
FN:68,_ZN3etl5flagsIhLh255EEC2Ev
FN:87,_ZNK3etl5flagsIhLh255EE4testILh2EEEbv
FN:111,_ZN3etl5flagsIhLh255EE3setILh1EEERS1_b
FN:120,_ZN3etl5flagsIhLh255EE3setILh2EEERS1_v
FNDA:0,_ZN3etl5flagsIhLh255EE3setILh2EEERS1_v
FNDA:23,_ZN3etl5flagsIhLh255EE3setILh1EEERS1_b
FNDA:13,_ZN3etl5flagsIhLh255EEC2Ev
FNDA:23,_ZNK3etl5flagsIhLh255EE4testILh2EEEbv
FNF:4
FNH:3
DA:68,13
DA:69,13
DA:71,13
DA:87,23
DA:89,23
DA:111,23
DA:113,23
DA:115,23
DA:120,0
DA:122,0
DA:124,0
LF:11
LH:8
end_of_record
TN:
SF:/home/jenkins/libs/3rdparty/etl/include/etl/frame_check_sequence.h
FN:144,_ZN3etl20frame_check_sequenceINS_11private_crc10crc_policyINS1_14crc_parametersItLt4129ELt7439ELt0ELb0EEELm256EEEE3addIPKhEEvT_SA_
FN:166,_ZNK3etl20frame_check_sequenceINS_11private_crc10crc_policyINS1_14crc_parametersItLt4129ELt7439ELt0ELb0EEELm256EEEE5valueEv
FNDA:25,_ZNK3etl20frame_check_sequenceINS_11private_crc10crc_policyINS1_14crc_parametersItLt4129ELt7439ELt0ELb0EEELm256EEEE5valueEv
FNDA:25,_ZN3etl20frame_check_sequenceINS_11private_crc10crc_policyINS1_14crc_parametersItLt4129ELt7439ELt0ELb0EEELm256EEEE3addIPKhEEvT_SA_
FNF:2
FNH:2
DA:144,25
DA:148,95
DA:150,70
DA:151,70
DA:153,25
DA:166,25
DA:168,25
LF:7
LH:7
end_of_record
TN:
SF:/home/jenkins/libs/3rdparty/etl/include/etl/functional.h
FN:56,_ZN3etl17reference_wrapperIN5docan25IDoCanPhysicalTransceiverINS1_18DoCanDataLinkLayerIjthLj0EtEEEEEC2ERS5_
FN:56,_ZN3etl17reference_wrapperIN5docan25DoCanTransportLayerConfigINS1_18DoCanDataLinkLayerIjthLj0EtEEEEEC2ERS5_
FN:56,_ZN3etl17reference_wrapperIN5docan19IDoCanTickGeneratorEEC2ERS2_
FN:56,_ZN3etl17reference_wrapperIKhEC2ERS1_
FN:56,_ZN3etl17reference_wrapperIN9transport16TransportMessageEEC2ERS2_
FN:56,_ZN3etl17reference_wrapperIN5docan22IDoCanAddressConverterINS1_18DoCanDataLinkLayerIjthLj0EtEEEEEC2ERS5_
FN:77,_ZNK3etl17reference_wrapperIN5docan22IDoCanAddressConverterINS1_18DoCanDataLinkLayerIjthLj0EtEEEEEcvRS5_Ev
FN:77,_ZNK3etl17reference_wrapperIN9transport16TransportMessageEEcvRS2_Ev
FN:77,_ZNK3etl17reference_wrapperIKhEcvRS1_Ev
FN:77,_ZNK3etl17reference_wrapperIN5docan25IDoCanPhysicalTransceiverINS1_18DoCanDataLinkLayerIjthLj0EtEEEEEcvRS5_Ev
FN:77,_ZNK3etl17reference_wrapperIN5docan19IDoCanTickGeneratorEEcvRS2_Ev
FN:77,_ZNK3etl17reference_wrapperIN5docan25DoCanTransportLayerConfigINS1_18DoCanDataLinkLayerIjthLj0EtEEEEEcvRS5_Ev
FN:89,_ZN3etl3refIN5docan22IDoCanAddressConverterINS1_18DoCanDataLinkLayerIjthLj0EtEEEEEENS_17reference_wrapperIT_EERS7_
FN:89,_ZN3etl3refIN9transport16TransportMessageEEENS_17reference_wrapperIT_EERS4_
FN:89,_ZN3etl3refIKhEENS_17reference_wrapperIT_EERS3_
FN:89,_ZN3etl3refIN5docan25DoCanTransportLayerConfigINS1_18DoCanDataLinkLayerIjthLj0EtEEEEEENS_17reference_wrapperIT_EERS7_
FN:89,_ZN3etl3refIN5docan19IDoCanTickGeneratorEEENS_17reference_wrapperIT_EERS4_
FN:89,_ZN3etl3refIN5docan25IDoCanPhysicalTransceiverINS1_18DoCanDataLinkLayerIjthLj0EtEEEEEENS_17reference_wrapperIT_EERS7_
FN:173,_ZNK3etl4lessIhEclERKhS3_
FN:173,_ZNK3etl4lessIN5docan20DoCanMessageReceiverIN12_GLOBAL__N_113DataLinkLayerEEEEclERKS5_S8_
FN:173,_ZNK3etl4lessIN5docan20DoCanMessageReceiverINS1_18DoCanDataLinkLayerIjthLj0EtEEEEEclERKS5_S8_
FN:173,_ZNK3etl4lessImEclERKmS3_
FN:173,_ZNK3etl4lessIN5docan23DoCanMessageTransmitterINS1_18DoCanDataLinkLayerIjthLj0EtEEEEEclERKS5_S8_
FN:173,_ZNK3etl4lessIN5docan23DoCanMessageTransmitterINS1_18DoCanDataLinkLayerIjthLj4294967295EtEEEEEclERKS5_S8_
FN:173,_ZNK3etl4lessIN5docan20DoCanMessageReceiverINS1_18DoCanDataLinkLayerIjthLj4294967295EtEEEEEclERKS5_S8_
FN:173,_ZNK3etl4lessItEclERKtS3_
FN:173,_ZNK3etl4lessIN5docan23DoCanMessageTransmitterIN12_GLOBAL__N_113DataLinkLayerEEEEclERKS5_S8_
FN:173,_ZNK3etl4lessIjEclERKjS3_
FNDA:2,_ZNK3etl17reference_wrapperIN5docan25DoCanTransportLayerConfigINS1_18DoCanDataLinkLayerIjthLj0EtEEEEEcvRS5_Ev
FNDA:52,_ZNK3etl4lessIjEclERKjS3_
FNDA:2,_ZN3etl17reference_wrapperIN5docan22IDoCanAddressConverterINS1_18DoCanDataLinkLayerIjthLj0EtEEEEEC2ERS5_
FNDA:17,_ZNK3etl4lessIN5docan23DoCanMessageTransmitterIN12_GLOBAL__N_113DataLinkLayerEEEEclERKS5_S8_
FNDA:730,_ZNK3etl4lessItEclERKtS3_
FNDA:2,_ZNK3etl17reference_wrapperIN5docan19IDoCanTickGeneratorEEcvRS2_Ev
FNDA:38,_ZN3etl17reference_wrapperIN9transport16TransportMessageEEC2ERS2_
FNDA:2,_ZN3etl3refIN5docan25IDoCanPhysicalTransceiverINS1_18DoCanDataLinkLayerIjthLj0EtEEEEEENS_17reference_wrapperIT_EERS7_
FNDA:0,_ZNK3etl4lessIN5docan20DoCanMessageReceiverINS1_18DoCanDataLinkLayerIjthLj4294967295EtEEEEEclERKS5_S8_
FNDA:0,_ZNK3etl4lessIN5docan23DoCanMessageTransmitterINS1_18DoCanDataLinkLayerIjthLj4294967295EtEEEEEclERKS5_S8_
FNDA:0,_ZNK3etl4lessIN5docan23DoCanMessageTransmitterINS1_18DoCanDataLinkLayerIjthLj0EtEEEEEclERKS5_S8_
FNDA:2,_ZN3etl3refIN5docan19IDoCanTickGeneratorEEENS_17reference_wrapperIT_EERS4_
FNDA:2,_ZNK3etl17reference_wrapperIN5docan25IDoCanPhysicalTransceiverINS1_18DoCanDataLinkLayerIjthLj0EtEEEEEcvRS5_Ev
FNDA:6125,_ZNK3etl4lessImEclERKmS3_
FNDA:2,_ZN3etl17reference_wrapperIKhEC2ERS1_
FNDA:2,_ZNK3etl17reference_wrapperIKhEcvRS1_Ev
FNDA:2,_ZN3etl17reference_wrapperIN5docan19IDoCanTickGeneratorEEC2ERS2_
FNDA:2,_ZN3etl3refIN5docan25DoCanTransportLayerConfigINS1_18DoCanDataLinkLayerIjthLj0EtEEEEEENS_17reference_wrapperIT_EERS7_
FNDA:2,_ZN3etl17reference_wrapperIN5docan25DoCanTransportLayerConfigINS1_18DoCanDataLinkLayerIjthLj0EtEEEEEC2ERS5_
FNDA:38,_ZNK3etl17reference_wrapperIN9transport16TransportMessageEEcvRS2_Ev
FNDA:38,_ZN3etl3refIN9transport16TransportMessageEEENS_17reference_wrapperIT_EERS4_
FNDA:0,_ZNK3etl4lessIN5docan20DoCanMessageReceiverINS1_18DoCanDataLinkLayerIjthLj0EtEEEEEclERKS5_S8_
FNDA:2,_ZN3etl3refIKhEENS_17reference_wrapperIT_EERS3_
FNDA:2,_ZN3etl17reference_wrapperIN5docan25IDoCanPhysicalTransceiverINS1_18DoCanDataLinkLayerIjthLj0EtEEEEEC2ERS5_
FNDA:2,_ZN3etl3refIN5docan22IDoCanAddressConverterINS1_18DoCanDataLinkLayerIjthLj0EtEEEEEENS_17reference_wrapperIT_EERS7_
FNDA:2,_ZNK3etl17reference_wrapperIN5docan22IDoCanAddressConverterINS1_18DoCanDataLinkLayerIjthLj0EtEEEEEcvRS5_Ev
FNDA:224,_ZNK3etl4lessIN5docan20DoCanMessageReceiverIN12_GLOBAL__N_113DataLinkLayerEEEEclERKS5_S8_
FNDA:1565,_ZNK3etl4lessIhEclERKhS3_
FNF:28
FNH:24
DA:56,48
DA:57,48
DA:59,48
DA:77,48
DA:79,48
DA:89,48
DA:91,48
DA:173,8713
DA:175,8713
LF:9
LH:9
end_of_record
TN:
SF:/home/jenkins/libs/3rdparty/etl/include/etl/generic_pool.h
FN:66,_ZN3etl12generic_poolILm96ELm8ELm5EEC2Ev
FN:66,_ZN3etl12generic_poolILm88ELm8ELm2EEC2Ev
FN:66,_ZN3etl12generic_poolILm152ELm8ELm2EEC2Ev
FN:66,_ZN3etl12generic_poolILm88ELm8ELm5EEC2Ev
FN:66,_ZN3etl12generic_poolILm440ELm8ELm1EEC2Ev
FN:66,_ZN3etl12generic_poolILm40ELm8ELm2EEC2Ev
FN:66,_ZN3etl12generic_poolILm88ELm8ELm3EEC2Ev
FN:66,_ZN3etl12generic_poolILm104ELm8ELm4EEC2Ev
FN:66,_ZN3etl12generic_poolILm440ELm8ELm4EEC2Ev
FN:66,_ZN3etl12generic_poolILm88ELm8ELm105EEC2Ev
FN:66,_ZN3etl12generic_poolILm40ELm8ELm1EEC2Ev
FN:66,_ZN3etl12generic_poolILm96ELm8ELm1024EEC2Ev
FN:66,_ZN3etl12generic_poolILm88ELm8ELm15EEC2Ev
FN:66,_ZN3etl12generic_poolILm104ELm8ELm12EEC2Ev
FN:66,_ZN3etl12generic_poolILm96ELm8ELm1EEC2Ev
FN:66,_ZN3etl12generic_poolILm96ELm8ELm2EEC2Ev
FN:66,_ZN3etl12generic_poolILm352ELm1ELm1EEC2Ev
FN:66,_ZN3etl12generic_poolILm8ELm8ELm1EEC2Ev
FN:66,_ZN3etl12generic_poolILm96ELm8ELm3EEC2Ev
FNDA:3,_ZN3etl12generic_poolILm96ELm8ELm2EEC2Ev
FNDA:1,_ZN3etl12generic_poolILm8ELm8ELm1EEC2Ev
FNDA:1,_ZN3etl12generic_poolILm352ELm1ELm1EEC2Ev
FNDA:2,_ZN3etl12generic_poolILm96ELm8ELm3EEC2Ev
FNDA:1,_ZN3etl12generic_poolILm40ELm8ELm1EEC2Ev
FNDA:1,_ZN3etl12generic_poolILm96ELm8ELm1024EEC2Ev
FNDA:1,_ZN3etl12generic_poolILm88ELm8ELm15EEC2Ev
FNDA:1,_ZN3etl12generic_poolILm104ELm8ELm12EEC2Ev
FNDA:1,_ZN3etl12generic_poolILm96ELm8ELm1EEC2Ev
FNDA:1,_ZN3etl12generic_poolILm104ELm8ELm4EEC2Ev
FNDA:7,_ZN3etl12generic_poolILm440ELm8ELm4EEC2Ev
FNDA:1,_ZN3etl12generic_poolILm88ELm8ELm105EEC2Ev
FNDA:3,_ZN3etl12generic_poolILm88ELm8ELm3EEC2Ev
FNDA:95,_ZN3etl12generic_poolILm440ELm8ELm1EEC2Ev
FNDA:15,_ZN3etl12generic_poolILm40ELm8ELm2EEC2Ev
FNDA:2,_ZN3etl12generic_poolILm152ELm8ELm2EEC2Ev
FNDA:20,_ZN3etl12generic_poolILm88ELm8ELm5EEC2Ev
FNDA:16,_ZN3etl12generic_poolILm96ELm8ELm5EEC2Ev
FNDA:4,_ZN3etl12generic_poolILm88ELm8ELm2EEC2Ev
FNF:19
FNH:19
DA:66,176
DA:67,176
DA:69,176
LF:3
LH:3
end_of_record
TN:
SF:/home/jenkins/libs/3rdparty/etl/include/etl/intrusive_forward_list.h
FN:58,_ZN3etl32intrusive_forward_list_exceptionC2EPKcS2_i
FN:128,_ZN3etl46intrusive_forward_list_value_is_already_linkedC2EPKci
FN:149,_ZN3etl27intrusive_forward_list_baseINS_12forward_linkILm0EEEE5clearEv
FN:197,_ZN3etl27intrusive_forward_list_baseINS_12forward_linkILm0EEEE10push_frontERS2_
FN:207,_ZN3etl27intrusive_forward_list_baseINS_12forward_linkILm0EEEE9pop_frontEv
FN:243,_ZNK3etl27intrusive_forward_list_baseINS_12forward_linkILm0EEEE5emptyEv
FN:284,_ZN3etl27intrusive_forward_list_baseINS_12forward_linkILm0EEEEC2Ev
FN:292,_ZN3etl27intrusive_forward_list_baseINS_12forward_linkILm0EEEED2Ev
FN:308,_ZN3etl27intrusive_forward_list_baseINS_12forward_linkILm0EEEE17insert_link_afterERS2_S4_
FN:318,_ZN3etl27intrusive_forward_list_baseINS_12forward_linkILm0EEEE21disconnect_link_afterERS2_
FN:336,_ZN3etl27intrusive_forward_list_baseINS_12forward_linkILm0EEEE8get_headEv
FN:344,_ZNK3etl27intrusive_forward_list_baseINS_12forward_linkILm0EEEE8get_headEv
FN:352,_ZN3etl27intrusive_forward_list_baseINS_12forward_linkILm0EEEE10initialiseEv
FN:362,_ZNK3etl27intrusive_forward_list_baseINS_12forward_linkILm0EEEE15is_link_in_listEPKS2_
FN:386,_ZN3etl27intrusive_forward_list_baseINS_12forward_linkILm0EEEE11remove_linkEPS2_
FN:476,_ZN3etl22intrusive_forward_listIN7runtime24FunctionExecutionMonitorIN12_GLOBAL__N_118RuntimeMonitorMockEE5PointENS_12forward_linkILm0EEEE8iteratorC2Ev
FN:476,_ZN3etl22intrusive_forward_listIN9lifecycle18ILifecycleListenerENS_12forward_linkILm0EEEE8iteratorC2Ev
FN:476,_ZN3etl22intrusive_forward_listIN4util7command8ICommandENS_12forward_linkILm0EEEE8iteratorC2Ev
FN:481,_ZN3etl22intrusive_forward_listIN4util7command8ICommandENS_12forward_linkILm0EEEE8iteratorC2ERKS7_
FN:481,_ZN3etl22intrusive_forward_listIN5timer7TimeoutENS_12forward_linkILm0EEEE8iteratorC2ERKS6_
FN:481,_ZN3etl22intrusive_forward_listIN7runtime24FunctionExecutionMonitorIN12_GLOBAL__N_118RuntimeMonitorMockEE5PointENS_12forward_linkILm0EEEE8iteratorC2ERKSA_
FN:486,_ZN3etl22intrusive_forward_listIN4util7command8ICommandENS_12forward_linkILm0EEEE8iteratorppEv
FN:486,_ZN3etl22intrusive_forward_listIN7runtime24FunctionExecutionMonitorIN12_GLOBAL__N_118RuntimeMonitorMockEE5PointENS_12forward_linkILm0EEEE8iteratorppEv
FN:486,_ZN3etl22intrusive_forward_listIN5timer7TimeoutENS_12forward_linkILm0EEEE8iteratorppEv
FN:486,_ZN3etl22intrusive_forward_listIN9lifecycle18ILifecycleListenerENS_12forward_linkILm0EEEE8iteratorppEv
FN:486,_ZN3etl22intrusive_forward_listIN3can29IFilteredCANFrameSentListenerENS_12forward_linkILm0EEEE8iteratorppEv
FN:501,_ZN3etl22intrusive_forward_listIN4util7command8ICommandENS_12forward_linkILm0EEEE8iteratoraSERKS7_
FN:501,_ZN3etl22intrusive_forward_listIN9lifecycle18ILifecycleListenerENS_12forward_linkILm0EEEE8iteratoraSERKS6_
FN:501,_ZN3etl22intrusive_forward_listIN5timer7TimeoutENS_12forward_linkILm0EEEE8iteratoraSERKS6_
FN:501,_ZN3etl22intrusive_forward_listIN7runtime24FunctionExecutionMonitorIN12_GLOBAL__N_118RuntimeMonitorMockEE5PointENS_12forward_linkILm0EEEE8iteratoraSERKSA_
FN:507,_ZNK3etl22intrusive_forward_listIN3can29IFilteredCANFrameSentListenerENS_12forward_linkILm0EEEE8iteratordeEv
FN:507,_ZNK3etl22intrusive_forward_listIN9lifecycle18ILifecycleListenerENS_12forward_linkILm0EEEE8iteratordeEv
FN:507,_ZNK3etl22intrusive_forward_listIN4util7command8ICommandENS_12forward_linkILm0EEEE8iteratordeEv
FN:507,_ZNK3etl22intrusive_forward_listIN7runtime24FunctionExecutionMonitorIN12_GLOBAL__N_118RuntimeMonitorMockEE5PointENS_12forward_linkILm0EEEE8iteratordeEv
FN:519,_ZNK3etl22intrusive_forward_listIN4util7command8ICommandENS_12forward_linkILm0EEEE8iteratorptEv
FN:519,_ZNK3etl22intrusive_forward_listIN7runtime24FunctionExecutionMonitorIN12_GLOBAL__N_118RuntimeMonitorMockEE5PointENS_12forward_linkILm0EEEE8iteratorptEv
FN:519,_ZNK3etl22intrusive_forward_listIN5timer7TimeoutENS_12forward_linkILm0EEEE8iteratorptEv
FN:524,_ZN3etleqERKNS_22intrusive_forward_listIN3can29IFilteredCANFrameSentListenerENS_12forward_linkILm0EEEE8iteratorES8_
FN:524,_ZN3etleqERKNS_22intrusive_forward_listIN7runtime24FunctionExecutionMonitorIN12_GLOBAL__N_118RuntimeMonitorMockEE5PointENS_12forward_linkILm0EEEE8iteratorESC_
FN:524,_ZN3etleqERKNS_22intrusive_forward_listIN4util7command8ICommandENS_12forward_linkILm0EEEE8iteratorES9_
FN:524,_ZN3etleqERKNS_22intrusive_forward_listIN9lifecycle18ILifecycleListenerENS_12forward_linkILm0EEEE8iteratorES8_
FN:524,_ZN3etleqERKNS_22intrusive_forward_listIN5timer7TimeoutENS_12forward_linkILm0EEEE8iteratorES8_
FN:529,_ZN3etlneERKNS_22intrusive_forward_listIN5timer7TimeoutENS_12forward_linkILm0EEEE8iteratorES8_
FN:529,_ZN3etlneERKNS_22intrusive_forward_listIN3can29IFilteredCANFrameSentListenerENS_12forward_linkILm0EEEE8iteratorES8_
FN:529,_ZN3etlneERKNS_22intrusive_forward_listIN4util7command8ICommandENS_12forward_linkILm0EEEE8iteratorES9_
FN:529,_ZN3etlneERKNS_22intrusive_forward_listIN7runtime24FunctionExecutionMonitorIN12_GLOBAL__N_118RuntimeMonitorMockEE5PointENS_12forward_linkILm0EEEE8iteratorESC_
FN:529,_ZN3etlneERKNS_22intrusive_forward_listIN9lifecycle18ILifecycleListenerENS_12forward_linkILm0EEEE8iteratorES8_
FN:536,_ZN3etl22intrusive_forward_listIN7runtime24FunctionExecutionMonitorIN12_GLOBAL__N_118RuntimeMonitorMockEE5PointENS_12forward_linkILm0EEEE8iteratorC2EPS8_
FN:536,_ZN3etl22intrusive_forward_listIN5timer7TimeoutENS_12forward_linkILm0EEEE8iteratorC2EPS4_
FN:536,_ZN3etl22intrusive_forward_listIN9lifecycle18ILifecycleListenerENS_12forward_linkILm0EEEE8iteratorC2EPS4_
FN:536,_ZN3etl22intrusive_forward_listIN4util7command8ICommandENS_12forward_linkILm0EEEE8iteratorC2EPS5_
FN:536,_ZN3etl22intrusive_forward_listIN3can29IFilteredCANFrameSentListenerENS_12forward_linkILm0EEEE8iteratorC2EPS4_
FN:568,_ZN3etl22intrusive_forward_listIN4util7command8ICommandENS_12forward_linkILm0EEEE14const_iteratorppEv
FN:589,_ZNK3etl22intrusive_forward_listIN4util7command8ICommandENS_12forward_linkILm0EEEE14const_iteratordeEv
FN:604,_ZN3etleqERKNS_22intrusive_forward_listIN4util7command8ICommandENS_12forward_linkILm0EEEE14const_iteratorES9_
FN:609,_ZN3etlneERKNS_22intrusive_forward_listIN4util7command8ICommandENS_12forward_linkILm0EEEE14const_iteratorES9_
FN:616,_ZN3etl22intrusive_forward_listIN4util7command8ICommandENS_12forward_linkILm0EEEE14const_iteratorC2EPKS5_
FN:629,_ZN3etl22intrusive_forward_listIN9lifecycle18ILifecycleListenerENS_12forward_linkILm0EEEEC2Ev
FN:629,_ZN3etl22intrusive_forward_listIN3can29IFilteredCANFrameSentListenerENS_12forward_linkILm0EEEEC2Ev
FN:629,_ZN3etl22intrusive_forward_listIN5timer7TimeoutENS_12forward_linkILm0EEEEC2Ev
FN:629,_ZN3etl22intrusive_forward_listIN7runtime24FunctionExecutionMonitorIN12_GLOBAL__N_118RuntimeMonitorMockEE5PointENS_12forward_linkILm0EEEEC2Ev
FN:629,_ZN3etl22intrusive_forward_listIN4util7command8ICommandENS_12forward_linkILm0EEEEC2Ev
FN:636,_ZN3etl22intrusive_forward_listIN7runtime24FunctionExecutionMonitorIN12_GLOBAL__N_118RuntimeMonitorMockEE5PointENS_12forward_linkILm0EEEED2Ev
FN:636,_ZN3etl22intrusive_forward_listIN9lifecycle18ILifecycleListenerENS_12forward_linkILm0EEEED2Ev
FN:636,_ZN3etl22intrusive_forward_listIN5timer7TimeoutENS_12forward_linkILm0EEEED2Ev
FN:636,_ZN3etl22intrusive_forward_listIN4util7command8ICommandENS_12forward_linkILm0EEEED2Ev
FN:636,_ZN3etl22intrusive_forward_listIN3can29IFilteredCANFrameSentListenerENS_12forward_linkILm0EEEED2Ev
FN:668,_ZN3etl22intrusive_forward_listIN3can29IFilteredCANFrameSentListenerENS_12forward_linkILm0EEEE5beginEv
FN:668,_ZN3etl22intrusive_forward_listIN5timer7TimeoutENS_12forward_linkILm0EEEE5beginEv
FN:668,_ZN3etl22intrusive_forward_listIN4util7command8ICommandENS_12forward_linkILm0EEEE5beginEv
FN:668,_ZN3etl22intrusive_forward_listIN9lifecycle18ILifecycleListenerENS_12forward_linkILm0EEEE5beginEv
FN:668,_ZN3etl22intrusive_forward_listIN7runtime24FunctionExecutionMonitorIN12_GLOBAL__N_118RuntimeMonitorMockEE5PointENS_12forward_linkILm0EEEE5beginEv
FN:676,_ZNK3etl22intrusive_forward_listIN4util7command8ICommandENS_12forward_linkILm0EEEE5beginEv
FN:684,_ZN3etl22intrusive_forward_listIN5timer7TimeoutENS_12forward_linkILm0EEEE12before_beginEv
FN:684,_ZN3etl22intrusive_forward_listIN7runtime24FunctionExecutionMonitorIN12_GLOBAL__N_118RuntimeMonitorMockEE5PointENS_12forward_linkILm0EEEE12before_beginEv
FN:708,_ZN3etl22intrusive_forward_listIN9lifecycle18ILifecycleListenerENS_12forward_linkILm0EEEE3endEv
FN:708,_ZN3etl22intrusive_forward_listIN3can29IFilteredCANFrameSentListenerENS_12forward_linkILm0EEEE3endEv
FN:708,_ZN3etl22intrusive_forward_listIN5timer7TimeoutENS_12forward_linkILm0EEEE3endEv
FN:708,_ZN3etl22intrusive_forward_listIN4util7command8ICommandENS_12forward_linkILm0EEEE3endEv
FN:708,_ZN3etl22intrusive_forward_listIN7runtime24FunctionExecutionMonitorIN12_GLOBAL__N_118RuntimeMonitorMockEE5PointENS_12forward_linkILm0EEEE3endEv
FN:716,_ZNK3etl22intrusive_forward_listIN4util7command8ICommandENS_12forward_linkILm0EEEE3endEv
FN:732,_ZN3etl22intrusive_forward_listIN5timer7TimeoutENS_12forward_linkILm0EEEE5frontEv
FN:740,_ZNK3etl22intrusive_forward_listIN5timer7TimeoutENS_12forward_linkILm0EEEE5frontEv
FN:748,_ZN3etl22intrusive_forward_listIN7runtime24FunctionExecutionMonitorIN12_GLOBAL__N_118RuntimeMonitorMockEE5PointENS_12forward_linkILm0EEEE12insert_afterENS9_8iteratorERS6_
FN:748,_ZN3etl22intrusive_forward_listIN5timer7TimeoutENS_12forward_linkILm0EEEE12insert_afterENS5_8iteratorERS2_
FN:748,_ZN3etl22intrusive_forward_listIN4util7command8ICommandENS_12forward_linkILm0EEEE12insert_afterENS6_8iteratorERS3_
FN:823,_ZN3etl22intrusive_forward_listIN9lifecycle18ILifecycleListenerENS_12forward_linkILm0EEEE5eraseERKS2_
FN:823,_ZN3etl22intrusive_forward_listIN5timer7TimeoutENS_12forward_linkILm0EEEE5eraseERKS2_
FN:823,_ZN3etl22intrusive_forward_listIN3can29IFilteredCANFrameSentListenerENS_12forward_linkILm0EEEE5eraseERKS2_
FN:823,_ZN3etl22intrusive_forward_listIN7runtime24FunctionExecutionMonitorIN12_GLOBAL__N_118RuntimeMonitorMockEE5PointENS_12forward_linkILm0EEEE5eraseERKS6_
FNDA:8,_ZN3etl22intrusive_forward_listIN3can29IFilteredCANFrameSentListenerENS_12forward_linkILm0EEEE8iteratorC2EPS4_
FNDA:15,_ZN3etlneERKNS_22intrusive_forward_listIN9lifecycle18ILifecycleListenerENS_12forward_linkILm0EEEE8iteratorES8_
FNDA:5,_ZN3etl22intrusive_forward_listIN3can29IFilteredCANFrameSentListenerENS_12forward_linkILm0EEEE8iteratorppEv
FNDA:21,_ZN3etl22intrusive_forward_listIN4util7command8ICommandENS_12forward_linkILm0EEEED2Ev
FNDA:24,_ZN3etl22intrusive_forward_listIN7runtime24FunctionExecutionMonitorIN12_GLOBAL__N_118RuntimeMonitorMockEE5PointENS_12forward_linkILm0EEEE3endEv
FNDA:331,_ZN3etl27intrusive_forward_list_baseINS_12forward_linkILm0EEEE5clearEv
FNDA:154,_ZN3etl27intrusive_forward_list_baseINS_12forward_linkILm0EEEE17insert_link_afterERS2_S4_
FNDA:48,_ZN3etl22intrusive_forward_listIN3can29IFilteredCANFrameSentListenerENS_12forward_linkILm0EEEED2Ev
FNDA:7,_ZN3etl22intrusive_forward_listIN7runtime24FunctionExecutionMonitorIN12_GLOBAL__N_118RuntimeMonitorMockEE5PointENS_12forward_linkILm0EEEE5eraseERKS6_
FNDA:42,_ZN3etl22intrusive_forward_listIN4util7command8ICommandENS_12forward_linkILm0EEEE14const_iteratorC2EPKS5_
FNDA:29,_ZNK3etl22intrusive_forward_listIN5timer7TimeoutENS_12forward_linkILm0EEEE8iteratorptEv
FNDA:7,_ZN3etl22intrusive_forward_listIN7runtime24FunctionExecutionMonitorIN12_GLOBAL__N_118RuntimeMonitorMockEE5PointENS_12forward_linkILm0EEEE8iteratorC2ERKSA_
FNDA:4,_ZNK3etl22intrusive_forward_listIN7runtime24FunctionExecutionMonitorIN12_GLOBAL__N_118RuntimeMonitorMockEE5PointENS_12forward_linkILm0EEEE8iteratordeEv
FNDA:5,_ZN3etl22intrusive_forward_listIN3can29IFilteredCANFrameSentListenerENS_12forward_linkILm0EEEE5eraseERKS2_
FNDA:15,_ZN3etl22intrusive_forward_listIN7runtime24FunctionExecutionMonitorIN12_GLOBAL__N_118RuntimeMonitorMockEE5PointENS_12forward_linkILm0EEEE5beginEv
FNDA:137,_ZN3etl22intrusive_forward_listIN4util7command8ICommandENS_12forward_linkILm0EEEE8iteratorC2EPS5_
FNDA:7,_ZN3etl22intrusive_forward_listIN7runtime24FunctionExecutionMonitorIN12_GLOBAL__N_118RuntimeMonitorMockEE5PointENS_12forward_linkILm0EEEE8iteratoraSERKSA_
FNDA:7,_ZN3etl22intrusive_forward_listIN7runtime24FunctionExecutionMonitorIN12_GLOBAL__N_118RuntimeMonitorMockEE5PointENS_12forward_linkILm0EEEE12before_beginEv
FNDA:75,_ZN3etl22intrusive_forward_listIN4util7command8ICommandENS_12forward_linkILm0EEEE5beginEv
FNDA:330,_ZN3etl27intrusive_forward_list_baseINS_12forward_linkILm0EEEED2Ev
FNDA:9,_ZN3etl22intrusive_forward_listIN9lifecycle18ILifecycleListenerENS_12forward_linkILm0EEEE5beginEv
FNDA:7,_ZN3etl22intrusive_forward_listIN4util7command8ICommandENS_12forward_linkILm0EEEE12insert_afterENS6_8iteratorERS3_
FNDA:27,_ZN3etlneERKNS_22intrusive_forward_listIN7runtime24FunctionExecutionMonitorIN12_GLOBAL__N_118RuntimeMonitorMockEE5PointENS_12forward_linkILm0EEEE8iteratorESC_
FNDA:247,_ZN3etl22intrusive_forward_listIN5timer7TimeoutENS_12forward_linkILm0EEEE5frontEv
FNDA:33,_ZN3etl22intrusive_forward_listIN7runtime24FunctionExecutionMonitorIN12_GLOBAL__N_118RuntimeMonitorMockEE5PointENS_12forward_linkILm0EEEEC2Ev
FNDA:578,_ZN3etl27intrusive_forward_list_baseINS_12forward_linkILm0EEEE8get_headEv
FNDA:22,_ZN3etl22intrusive_forward_listIN5timer7TimeoutENS_12forward_linkILm0EEEE8iteratoraSERKS6_
FNDA:23,_ZNK3etl22intrusive_forward_listIN4util7command8ICommandENS_12forward_linkILm0EEEE8iteratordeEv
FNDA:21,_ZN3etl22intrusive_forward_listIN4util7command8ICommandENS_12forward_linkILm0EEEEC2Ev
FNDA:248,_ZNK3etl27intrusive_forward_list_baseINS_12forward_linkILm0EEEE8get_headEv
FNDA:114,_ZN3etl22intrusive_forward_listIN5timer7TimeoutENS_12forward_linkILm0EEEE8iteratorC2ERKS6_
FNDA:221,_ZN3etl22intrusive_forward_listIN5timer7TimeoutENS_12forward_linkILm0EEEED2Ev
FNDA:398,_ZNK3etl27intrusive_forward_list_baseINS_12forward_linkILm0EEEE5emptyEv
FNDA:7,_ZN3etl22intrusive_forward_listIN7runtime24FunctionExecutionMonitorIN12_GLOBAL__N_118RuntimeMonitorMockEE5PointENS_12forward_linkILm0EEEE12insert_afterENS9_8iteratorERS6_
FNDA:114,_ZN3etl22intrusive_forward_listIN5timer7TimeoutENS_12forward_linkILm0EEEE12insert_afterENS5_8iteratorERS2_
FNDA:7,_ZN3etl22intrusive_forward_listIN9lifecycle18ILifecycleListenerENS_12forward_linkILm0EEEED2Ev
FNDA:63,_ZN3etlneERKNS_22intrusive_forward_listIN4util7command8ICommandENS_12forward_linkILm0EEEE8iteratorES9_
FNDA:9,_ZN3etl22intrusive_forward_listIN9lifecycle18ILifecycleListenerENS_12forward_linkILm0EEEE8iteratoraSERKS6_
FNDA:15,_ZN3etleqERKNS_22intrusive_forward_listIN9lifecycle18ILifecycleListenerENS_12forward_linkILm0EEEE8iteratorES8_
FNDA:228,_ZN3etl22intrusive_forward_listIN5timer7TimeoutENS_12forward_linkILm0EEEE5beginEv
FNDA:7,_ZN3etl22intrusive_forward_listIN4util7command8ICommandENS_12forward_linkILm0EEEE8iteratorC2ERKS7_
FNDA:221,_ZN3etl22intrusive_forward_listIN5timer7TimeoutENS_12forward_linkILm0EEEEC2Ev
FNDA:250,_ZN3etleqERKNS_22intrusive_forward_listIN5timer7TimeoutENS_12forward_linkILm0EEEE8iteratorES8_
FNDA:33,_ZN3etl22intrusive_forward_listIN7runtime24FunctionExecutionMonitorIN12_GLOBAL__N_118RuntimeMonitorMockEE5PointENS_12forward_linkILm0EEEED2Ev
FNDA:0,_ZN3etl32intrusive_forward_list_exceptionC2EPKcS2_i
FNDA:58,_ZN3etleqERKNS_22intrusive_forward_listIN4util7command8ICommandENS_12forward_linkILm0EEEE14const_iteratorES9_
FNDA:21,_ZNK3etl22intrusive_forward_listIN4util7command8ICommandENS_12forward_linkILm0EEEE3endEv
FNDA:48,_ZN3etl22intrusive_forward_listIN3can29IFilteredCANFrameSentListenerENS_12forward_linkILm0EEEEC2Ev
FNDA:30,_ZNK3etl27intrusive_forward_list_baseINS_12forward_linkILm0EEEE15is_link_in_listEPKS2_
FNDA:114,_ZN3etl22intrusive_forward_listIN5timer7TimeoutENS_12forward_linkILm0EEEE12before_beginEv
FNDA:37,_ZN3etl22intrusive_forward_listIN4util7command8ICommandENS_12forward_linkILm0EEEE14const_iteratorppEv
FNDA:17,_ZN3etl22intrusive_forward_listIN5timer7TimeoutENS_12forward_linkILm0EEEE5eraseERKS2_
FNDA:4,_ZN3etl22intrusive_forward_listIN3can29IFilteredCANFrameSentListenerENS_12forward_linkILm0EEEE5beginEv
FNDA:11,_ZNK3etl22intrusive_forward_listIN7runtime24FunctionExecutionMonitorIN12_GLOBAL__N_118RuntimeMonitorMockEE5PointENS_12forward_linkILm0EEEE8iteratorptEv
FNDA:30,_ZN3etl27intrusive_forward_list_baseINS_12forward_linkILm0EEEE11remove_linkEPS2_
FNDA:92,_ZN3etleqERKNS_22intrusive_forward_listIN4util7command8ICommandENS_12forward_linkILm0EEEE8iteratorES9_
FNDA:37,_ZNK3etl22intrusive_forward_listIN4util7command8ICommandENS_12forward_linkILm0EEEE14const_iteratordeEv
FNDA:55,_ZN3etl22intrusive_forward_listIN4util7command8ICommandENS_12forward_linkILm0EEEE3endEv
FNDA:6,_ZNK3etl22intrusive_forward_listIN9lifecycle18ILifecycleListenerENS_12forward_linkILm0EEEE8iteratordeEv
FNDA:136,_ZN3etl22intrusive_forward_listIN5timer7TimeoutENS_12forward_linkILm0EEEE3endEv
FNDA:7,_ZN3etl22intrusive_forward_listIN9lifecycle18ILifecycleListenerENS_12forward_linkILm0EEEEC2Ev
FNDA:330,_ZN3etl27intrusive_forward_list_baseINS_12forward_linkILm0EEEEC2Ev
FNDA:27,_ZN3etleqERKNS_22intrusive_forward_listIN7runtime24FunctionExecutionMonitorIN12_GLOBAL__N_118RuntimeMonitorMockEE5PointENS_12forward_linkILm0EEEE8iteratorESC_
FNDA:24,_ZN3etl22intrusive_forward_listIN9lifecycle18ILifecycleListenerENS_12forward_linkILm0EEEE8iteratorC2EPS4_
FNDA:9,_ZN3etl22intrusive_forward_listIN9lifecycle18ILifecycleListenerENS_12forward_linkILm0EEEE8iteratorC2Ev
FNDA:29,_ZN3etl22intrusive_forward_listIN4util7command8ICommandENS_12forward_linkILm0EEEE8iteratorC2Ev
FNDA:9,_ZN3etl22intrusive_forward_listIN4util7command8ICommandENS_12forward_linkILm0EEEE8iteratoraSERKS7_
FNDA:21,_ZNK3etl22intrusive_forward_listIN4util7command8ICommandENS_12forward_linkILm0EEEE5beginEv
FNDA:9,_ZN3etlneERKNS_22intrusive_forward_listIN3can29IFilteredCANFrameSentListenerENS_12forward_linkILm0EEEE8iteratorES8_
FNDA:14,_ZNK3etl22intrusive_forward_listIN4util7command8ICommandENS_12forward_linkILm0EEEE8iteratorptEv
FNDA:28,_ZN3etl27intrusive_forward_list_baseINS_12forward_linkILm0EEEE10push_frontERS2_
FNDA:227,_ZNK3etl22intrusive_forward_listIN5timer7TimeoutENS_12forward_linkILm0EEEE5frontEv
FNDA:4,_ZN3etl22intrusive_forward_listIN3can29IFilteredCANFrameSentListenerENS_12forward_linkILm0EEEE3endEv
FNDA:136,_ZN3etlneERKNS_22intrusive_forward_listIN5timer7TimeoutENS_12forward_linkILm0EEEE8iteratorES8_
FNDA:5,_ZNK3etl22intrusive_forward_listIN3can29IFilteredCANFrameSentListenerENS_12forward_linkILm0EEEE8iteratordeEv
FNDA:78,_ZN3etl27intrusive_forward_list_baseINS_12forward_linkILm0EEEE9pop_frontEv
FNDA:58,_ZN3etlneERKNS_22intrusive_forward_listIN4util7command8ICommandENS_12forward_linkILm0EEEE14const_iteratorES9_
FNDA:22,_ZN3etl22intrusive_forward_listIN5timer7TimeoutENS_12forward_linkILm0EEEE8iteratorppEv
FNDA:0,_ZN3etl46intrusive_forward_list_value_is_already_linkedC2EPKci
FNDA:15,_ZN3etl22intrusive_forward_listIN9lifecycle18ILifecycleListenerENS_12forward_linkILm0EEEE3endEv
FNDA:9,_ZN3etleqERKNS_22intrusive_forward_listIN3can29IFilteredCANFrameSentListenerENS_12forward_linkILm0EEEE8iteratorES8_
FNDA:6,_ZN3etl22intrusive_forward_listIN9lifecycle18ILifecycleListenerENS_12forward_linkILm0EEEE8iteratorppEv
FNDA:53,_ZN3etl22intrusive_forward_listIN7runtime24FunctionExecutionMonitorIN12_GLOBAL__N_118RuntimeMonitorMockEE5PointENS_12forward_linkILm0EEEE8iteratorC2EPS8_
FNDA:17,_ZN3etl22intrusive_forward_listIN4util7command8ICommandENS_12forward_linkILm0EEEE8iteratorppEv
FNDA:108,_ZN3etl27intrusive_forward_list_baseINS_12forward_linkILm0EEEE21disconnect_link_afterERS2_
FNDA:661,_ZN3etl27intrusive_forward_list_baseINS_12forward_linkILm0EEEE10initialiseEv
FNDA:592,_ZN3etl22intrusive_forward_listIN5timer7TimeoutENS_12forward_linkILm0EEEE8iteratorC2EPS4_
FNDA:7,_ZN3etl22intrusive_forward_listIN7runtime24FunctionExecutionMonitorIN12_GLOBAL__N_118RuntimeMonitorMockEE5PointENS_12forward_linkILm0EEEE8iteratorC2Ev
FNDA:14,_ZN3etl22intrusive_forward_listIN7runtime24FunctionExecutionMonitorIN12_GLOBAL__N_118RuntimeMonitorMockEE5PointENS_12forward_linkILm0EEEE8iteratorppEv
FNDA:1,_ZN3etl22intrusive_forward_listIN9lifecycle18ILifecycleListenerENS_12forward_linkILm0EEEE5eraseERKS2_
FNF:90
FNH:88
DA:58,0
DA:59,0
DA:61,0
DA:128,0
DA:129,0
DA:131,0
DA:149,331
DA:152,331
DA:154,377
DA:156,46
DA:157,46
DA:158,46
DA:161,331
DA:162,331
DA:197,28
DA:199,28
DA:201,28
DA:202,28
DA:207,78
DA:212,78
DA:213,78
DA:243,398
DA:245,398
DA:284,330
DA:285,330
DA:286,330
DA:287,330
DA:292,330
DA:294,330
DA:295,330
DA:308,154
DA:311,154
DA:312,154
DA:313,154
DA:318,108
DA:320,108
DA:322,108
DA:324,108
DA:325,108
DA:327,108
DA:329,108
DA:331,108
DA:336,578
DA:338,578
DA:344,248
DA:346,248
DA:352,661
DA:354,661
DA:355,661
DA:356,661
DA:362,30
DA:364,30
DA:365,30
DA:367,35
DA:369,35
DA:371,30
DA:374,5
DA:375,5
DA:378,0
DA:386,30
DA:388,30
DA:390,30
DA:392,30
DA:394,30
DA:396,30
DA:398,30
DA:400,2
DA:404,30
DA:476,45
DA:477,45
DA:479,45
DA:481,128
DA:482,128
DA:484,128
DA:486,64
DA:489,64
DA:490,64
DA:501,47
DA:503,47
DA:504,47
DA:507,38
DA:510,38
DA:519,54
DA:521,54
DA:524,393
DA:526,393
DA:529,250
DA:531,250
DA:536,814
DA:537,814
DA:539,814
DA:568,37
DA:571,37
DA:572,37
DA:589,37
DA:591,37
DA:604,58
DA:606,58
DA:609,58
DA:611,58
DA:616,42
DA:617,42
DA:619,42
DA:629,330
DA:630,330
DA:631,330
DA:636,330
DA:638,330
DA:668,331
DA:670,331
DA:676,21
DA:678,21
DA:684,121
DA:686,121
DA:708,234
DA:710,234
DA:716,21
DA:718,21
DA:732,247
DA:734,247
DA:740,227
DA:742,227
DA:748,128
DA:750,128
DA:752,126
DA:753,126
DA:823,30
DA:825,30
LF:128
LH:121
end_of_record
TN:
SF:/home/jenkins/libs/3rdparty/etl/include/etl/intrusive_links.h
FN:95,_ZN3etl12forward_linkILm0EEC2Ev
FN:121,_ZN3etl12forward_linkILm0EE5clearEv
FN:128,_ZNK3etl12forward_linkILm0EE9is_linkedEv
FN:225,_ZN3etl11link_spliceINS_12forward_linkILm0EEEEENS_9enable_ifIXsrNS_15is_forward_linkIT_EE5valueEvE4typeERS5_S9_
FN:308,_ZN3etl12unlink_afterINS_12forward_linkILm0EEEEENS_9enable_ifIXsrNS_15is_forward_linkIT_EE5valueEPS5_E4typeERS5_
FN:525,_ZN3etl18bidirectional_linkILm0EEC2Ev
FN:555,_ZN3etl18bidirectional_linkILm0EE5clearEv
FN:563,_ZNK3etl18bidirectional_linkILm0EE9is_linkedEv
FN:628,_ZN3etl18bidirectional_linkILm0EE6unlinkEv
FN:668,_ZN3etl4linkINS_18bidirectional_linkILm0EEEEENS_9enable_ifIXsrNS_7is_sameIT_NS1_IXsrS5_2IDEEEEE5valueEvE4typeERS5_SA_
FN:678,_ZN3etl4linkINS_18bidirectional_linkILm0EEEEENS_9enable_ifIXsrNS_7is_sameIT_NS1_IXsrS5_2IDEEEEE5valueEvE4typeEPS5_SA_
FN:709,_ZN3etl4linkINS_18bidirectional_linkILm0EEEEENS_9enable_ifIXsrNS_7is_sameIT_NS1_IXsrS5_2IDEEEEE5valueEvE4typeEPS5_RS5_
FN:723,_ZN3etl11link_spliceINS_18bidirectional_linkILm0EEEEENS_9enable_ifIXsrNS_7is_sameIT_NS1_IXsrS5_2IDEEEEE5valueEvE4typeERS5_SA_
FN:789,_ZN3etl11link_spliceINS_18bidirectional_linkILm0EEEEENS_9enable_ifIXsrNS_7is_sameIT_NS1_IXsrS5_2IDEEEEE5valueEvE4typeEPS5_RS5_
FN:860,_ZN3etl6unlinkINS_18bidirectional_linkILm0EEEEENS_9enable_ifIXsrNS_7is_sameIT_NS1_IXsrS5_2IDEEEEE5valueEvE4typeERS5_
FNDA:461,_ZN3etl11link_spliceINS_18bidirectional_linkILm0EEEEENS_9enable_ifIXsrNS_7is_sameIT_NS1_IXsrS5_2IDEEEEE5valueEvE4typeEPS5_RS5_
FNDA:2,_ZN3etl11link_spliceINS_18bidirectional_linkILm0EEEEENS_9enable_ifIXsrNS_7is_sameIT_NS1_IXsrS5_2IDEEEEE5valueEvE4typeERS5_SA_
FNDA:1600,_ZN3etl4linkINS_18bidirectional_linkILm0EEEEENS_9enable_ifIXsrNS_7is_sameIT_NS1_IXsrS5_2IDEEEEE5valueEvE4typeERS5_SA_
FNDA:461,_ZN3etl4linkINS_18bidirectional_linkILm0EEEEENS_9enable_ifIXsrNS_7is_sameIT_NS1_IXsrS5_2IDEEEEE5valueEvE4typeEPS5_RS5_
FNDA:205,_ZN3etl18bidirectional_linkILm0EE6unlinkEv
FNDA:219,_ZNK3etl12forward_linkILm0EE9is_linkedEv
FNDA:965,_ZN3etl12forward_linkILm0EEC2Ev
FNDA:154,_ZN3etl11link_spliceINS_12forward_linkILm0EEEEENS_9enable_ifIXsrNS_15is_forward_linkIT_EE5valueEvE4typeERS5_S9_
FNDA:1454,_ZN3etl18bidirectional_linkILm0EEC2Ev
FNDA:205,_ZN3etl6unlinkINS_18bidirectional_linkILm0EEEEENS_9enable_ifIXsrNS_7is_sameIT_NS1_IXsrS5_2IDEEEEE5valueEvE4typeERS5_
FNDA:427,_ZNK3etl18bidirectional_linkILm0EE9is_linkedEv
FNDA:461,_ZN3etl4linkINS_18bidirectional_linkILm0EEEEENS_9enable_ifIXsrNS_7is_sameIT_NS1_IXsrS5_2IDEEEEE5valueEvE4typeEPS5_SA_
FNDA:262,_ZN3etl12forward_linkILm0EE5clearEv
FNDA:108,_ZN3etl12unlink_afterINS_12forward_linkILm0EEEEENS_9enable_ifIXsrNS_15is_forward_linkIT_EE5valueEPS5_E4typeERS5_
FNDA:463,_ZN3etl18bidirectional_linkILm0EE5clearEv
FNF:15
FNH:15
DA:95,965
DA:96,965
DA:98,965
DA:121,262
DA:123,262
DA:124,262
DA:128,219
DA:130,219
DA:225,154
DA:227,154
DA:228,154
DA:229,154
DA:308,108
DA:310,108
DA:312,108
DA:313,108
DA:314,108
DA:315,108
DA:318,0
DA:525,1454
DA:526,1454
DA:527,1454
DA:529,1454
DA:555,463
DA:557,463
DA:558,463
DA:559,463
DA:563,427
DA:565,427
DA:628,205
DA:631,205
DA:633,205
DA:637,205
DA:639,205
DA:642,205
DA:643,205
DA:668,1600
DA:670,1600
DA:671,1600
DA:672,1600
DA:678,461
DA:680,461
DA:682,461
DA:685,461
DA:687,461
DA:689,461
DA:709,461
DA:711,461
DA:713,461
DA:716,461
DA:717,461
DA:723,2
DA:725,2
DA:726,2
DA:728,2
DA:730,2
DA:733,2
DA:734,2
DA:789,461
DA:791,461
DA:793,461
DA:796,461
DA:798,461
DA:800,461
DA:802,461
DA:805,461
DA:807,461
DA:860,205
DA:862,205
DA:863,205
LF:70
LH:69
end_of_record
TN:
SF:/home/jenkins/libs/3rdparty/etl/include/etl/intrusive_list.h
FN:59,_ZN3etl24intrusive_list_exceptionC2EPKcS2_i
FN:115,_ZN3etl38intrusive_list_value_is_already_linkedC2EPKci
FN:163,_ZN3etl19intrusive_list_baseINS_18bidirectional_linkILm0EEEE10push_frontERS2_
FN:173,_ZN3etl19intrusive_list_baseINS_18bidirectional_linkILm0EEEE9pop_frontEv
FN:184,_ZN3etl19intrusive_list_baseINS_18bidirectional_linkILm0EEEE9push_backERS2_
FN:205,_ZN3etl19intrusive_list_baseINS_18bidirectional_linkILm0EEEE5clearEv
FN:245,_ZNK3etl19intrusive_list_baseINS_18bidirectional_linkILm0EEEE5emptyEv
FN:253,_ZNK3etl19intrusive_list_baseINS_18bidirectional_linkILm0EEEE4sizeEv
FN:262,_ZNK3etl19intrusive_list_baseINS_18bidirectional_linkILm0EEEE13contains_nodeERKS2_
FN:286,_ZN3etl19intrusive_list_baseINS_18bidirectional_linkILm0EEEED2Ev
FN:293,_ZNK3etl19intrusive_list_baseINS_18bidirectional_linkILm0EEEE15is_trivial_listEv
FN:301,_ZN3etl19intrusive_list_baseINS_18bidirectional_linkILm0EEEE11insert_linkERS2_S4_
FN:311,_ZN3etl19intrusive_list_baseINS_18bidirectional_linkILm0EEEE11insert_linkEPS2_RS2_
FN:341,_ZN3etl19intrusive_list_baseINS_18bidirectional_linkILm0EEEE15disconnect_linkERS2_
FN:350,_ZN3etl19intrusive_list_baseINS_18bidirectional_linkILm0EEEE15disconnect_linkEPS2_
FN:359,_ZN3etl19intrusive_list_baseINS_18bidirectional_linkILm0EEEE8get_headEv
FN:391,_ZN3etl19intrusive_list_baseINS_18bidirectional_linkILm0EEEE10initialiseEv
FN:400,_ZNK3etl19intrusive_list_baseINS_18bidirectional_linkILm0EEEE15is_link_in_listEPKS2_
FN:421,_ZN3etl19intrusive_list_baseINS_18bidirectional_linkILm0EEEE11remove_linkEPS2_
FN:501,_ZN3etl14intrusive_listIN5docan23DoCanMessageTransmitterINS1_18DoCanDataLinkLayerIjthLj4294967295EtEEEENS_18bidirectional_linkILm0EEEE8iteratorC2Ev
FN:501,_ZN3etl14intrusive_listIN5docan20DoCanMessageReceiverINS1_18DoCanDataLinkLayerIjthLj0EtEEEENS_18bidirectional_linkILm0EEEE8iteratorC2Ev
FN:501,_ZN3etl14intrusive_listIN5docan23DoCanMessageTransmitterINS1_18DoCanDataLinkLayerIjthLj0EtEEEENS_18bidirectional_linkILm0EEEE8iteratorC2Ev
FN:501,_ZN3etl14intrusive_listIN5docan20DoCanMessageReceiverIN12_GLOBAL__N_113DataLinkLayerEEENS_18bidirectional_linkILm0EEEE8iteratorC2Ev
FN:501,_ZN3etl14intrusive_listIN5docan20DoCanMessageReceiverINS1_18DoCanDataLinkLayerIjthLj4294967295EtEEEENS_18bidirectional_linkILm0EEEE8iteratorC2Ev
FN:501,_ZN3etl14intrusive_listIN5docan23DoCanMessageTransmitterIN12_GLOBAL__N_113DataLinkLayerEEENS_18bidirectional_linkILm0EEEE8iteratorC2Ev
FN:506,_ZN3etl14intrusive_listIN5docan20DoCanMessageReceiverIN12_GLOBAL__N_113DataLinkLayerEEENS_18bidirectional_linkILm0EEEE8iteratorC2ERKS9_
FN:506,_ZN3etl14intrusive_listIN5docan23DoCanMessageTransmitterINS1_18DoCanDataLinkLayerIjthLj4294967295EtEEEENS_18bidirectional_linkILm0EEEE8iteratorC2ERKS9_
FN:506,_ZN3etl14intrusive_listIN5docan20DoCanMessageReceiverINS1_18DoCanDataLinkLayerIjthLj0EtEEEENS_18bidirectional_linkILm0EEEE8iteratorC2ERKS9_
FN:506,_ZN3etl14intrusive_listIN5docan23DoCanMessageTransmitterIN12_GLOBAL__N_113DataLinkLayerEEENS_18bidirectional_linkILm0EEEE8iteratorC2ERKS9_
FN:506,_ZN3etl14intrusive_listIN5docan20DoCanMessageReceiverINS1_18DoCanDataLinkLayerIjthLj4294967295EtEEEENS_18bidirectional_linkILm0EEEE8iteratorC2ERKS9_
FN:506,_ZN3etl14intrusive_listIN5docan23DoCanMessageTransmitterINS1_18DoCanDataLinkLayerIjthLj0EtEEEENS_18bidirectional_linkILm0EEEE8iteratorC2ERKS9_
FN:506,_ZN3etl14intrusive_listIN5docan23DoCanMessageTransmitterIN12_GLOBAL__N_128SmallFrameIndexDataLinkLayerEEENS_18bidirectional_linkILm0EEEE8iteratorC2ERKS9_
FN:511,_ZN3etl14intrusive_listIN5docan20DoCanMessageReceiverINS1_18DoCanDataLinkLayerIjthLj0EtEEEENS_18bidirectional_linkILm0EEEE8iteratorppEv
FN:511,_ZN3etl14intrusive_listIN3uds29ManagedOutgoingDiagConnectionENS_18bidirectional_linkILm0EEEE8iteratorppEv
FN:511,_ZN3etl14intrusive_listIN5docan23DoCanMessageTransmitterIN12_GLOBAL__N_128SmallFrameIndexDataLinkLayerEEENS_18bidirectional_linkILm0EEEE8iteratorppEv
FN:511,_ZN3etl14intrusive_listIN5docan20DoCanMessageReceiverIN12_GLOBAL__N_113DataLinkLayerEEENS_18bidirectional_linkILm0EEEE8iteratorppEv
FN:511,_ZN3etl14intrusive_listIN5docan23DoCanMessageTransmitterIN12_GLOBAL__N_113DataLinkLayerEEENS_18bidirectional_linkILm0EEEE8iteratorppEv
FN:511,_ZN3etl14intrusive_listIN5docan23DoCanMessageTransmitterINS1_18DoCanDataLinkLayerIjthLj0EtEEEENS_18bidirectional_linkILm0EEEE8iteratorppEv
FN:511,_ZN3etl14intrusive_listIN3can17ICANFrameListenerENS_18bidirectional_linkILm0EEEE8iteratorppEv
FN:511,_ZN3etl14intrusive_listIN3uds27ICommunicationStateListenerENS_18bidirectional_linkILm0EEEE8iteratorppEv
FN:511,_ZN3etl14intrusive_listIN5docan23DoCanMessageTransmitterINS1_18DoCanDataLinkLayerIjthLj4294967295EtEEEENS_18bidirectional_linkILm0EEEE8iteratorppEv
FN:511,_ZN3etl14intrusive_listIN5docan20DoCanMessageReceiverINS1_18DoCanDataLinkLayerIjthLj4294967295EtEEEENS_18bidirectional_linkILm0EEEE8iteratorppEv
FN:511,_ZN3etl14intrusive_listIN3uds30ICommunicationSubStateListenerENS_18bidirectional_linkILm0EEEE8iteratorppEv
FN:511,_ZN3etl14intrusive_listIN6logger15ILoggerListenerENS_18bidirectional_linkILm0EEEE8iteratorppEv
FN:511,_ZN3etl14intrusive_listIN3uds27IDiagSessionChangedListenerENS_18bidirectional_linkILm0EEEE8iteratorppEv
FN:518,_ZN3etl14intrusive_listIN5docan23DoCanMessageTransmitterINS1_18DoCanDataLinkLayerIjthLj4294967295EtEEEENS_18bidirectional_linkILm0EEEE8iteratorppEi
FN:518,_ZN3etl14intrusive_listIN5docan23DoCanMessageTransmitterIN12_GLOBAL__N_113DataLinkLayerEEENS_18bidirectional_linkILm0EEEE8iteratorppEi
FN:518,_ZN3etl14intrusive_listIN5docan20DoCanMessageReceiverINS1_18DoCanDataLinkLayerIjthLj4294967295EtEEEENS_18bidirectional_linkILm0EEEE8iteratorppEi
FN:518,_ZN3etl14intrusive_listIN5docan23DoCanMessageTransmitterINS1_18DoCanDataLinkLayerIjthLj0EtEEEENS_18bidirectional_linkILm0EEEE8iteratorppEi
FN:518,_ZN3etl14intrusive_listIN5docan20DoCanMessageReceiverINS1_18DoCanDataLinkLayerIjthLj0EtEEEENS_18bidirectional_linkILm0EEEE8iteratorppEi
FN:518,_ZN3etl14intrusive_listIN5docan20DoCanMessageReceiverIN12_GLOBAL__N_113DataLinkLayerEEENS_18bidirectional_linkILm0EEEE8iteratorppEi
FN:541,_ZN3etl14intrusive_listIN5docan20DoCanMessageReceiverINS1_18DoCanDataLinkLayerIjthLj4294967295EtEEEENS_18bidirectional_linkILm0EEEE8iteratoraSERKS9_
FN:541,_ZN3etl14intrusive_listIN5docan23DoCanMessageTransmitterIN12_GLOBAL__N_113DataLinkLayerEEENS_18bidirectional_linkILm0EEEE8iteratoraSERKS9_
FN:541,_ZN3etl14intrusive_listIN5docan23DoCanMessageTransmitterIN12_GLOBAL__N_128SmallFrameIndexDataLinkLayerEEENS_18bidirectional_linkILm0EEEE8iteratoraSERKS9_
FN:541,_ZN3etl14intrusive_listIN5docan20DoCanMessageReceiverINS1_18DoCanDataLinkLayerIjthLj0EtEEEENS_18bidirectional_linkILm0EEEE8iteratoraSERKS9_
FN:541,_ZN3etl14intrusive_listIN5docan20DoCanMessageReceiverIN12_GLOBAL__N_113DataLinkLayerEEENS_18bidirectional_linkILm0EEEE8iteratoraSERKS9_
FN:541,_ZN3etl14intrusive_listIN5docan23DoCanMessageTransmitterINS1_18DoCanDataLinkLayerIjthLj4294967295EtEEEENS_18bidirectional_linkILm0EEEE8iteratoraSERKS9_
FN:541,_ZN3etl14intrusive_listIN5docan23DoCanMessageTransmitterINS1_18DoCanDataLinkLayerIjthLj0EtEEEENS_18bidirectional_linkILm0EEEE8iteratoraSERKS9_
FN:547,_ZNK3etl14intrusive_listIN5docan23DoCanMessageTransmitterINS1_18DoCanDataLinkLayerIjthLj4294967295EtEEEENS_18bidirectional_linkILm0EEEE8iteratordeEv
FN:547,_ZNK3etl14intrusive_listIN5docan20DoCanMessageReceiverINS1_18DoCanDataLinkLayerIjthLj0EtEEEENS_18bidirectional_linkILm0EEEE8iteratordeEv
FN:547,_ZNK3etl14intrusive_listIN5docan20DoCanMessageReceiverIN12_GLOBAL__N_113DataLinkLayerEEENS_18bidirectional_linkILm0EEEE8iteratordeEv
FN:547,_ZNK3etl14intrusive_listIN6logger15ILoggerListenerENS_18bidirectional_linkILm0EEEE8iteratordeEv
FN:547,_ZNK3etl14intrusive_listIN5docan23DoCanMessageTransmitterIN12_GLOBAL__N_113DataLinkLayerEEENS_18bidirectional_linkILm0EEEE8iteratordeEv
FN:547,_ZNK3etl14intrusive_listIN3can17ICANFrameListenerENS_18bidirectional_linkILm0EEEE8iteratordeEv
FN:547,_ZNK3etl14intrusive_listIN5docan23DoCanMessageTransmitterIN12_GLOBAL__N_128SmallFrameIndexDataLinkLayerEEENS_18bidirectional_linkILm0EEEE8iteratordeEv
FN:547,_ZNK3etl14intrusive_listIN5docan20DoCanMessageReceiverINS1_18DoCanDataLinkLayerIjthLj4294967295EtEEEENS_18bidirectional_linkILm0EEEE8iteratordeEv
FN:547,_ZNK3etl14intrusive_listIN5docan23DoCanMessageTransmitterINS1_18DoCanDataLinkLayerIjthLj0EtEEEENS_18bidirectional_linkILm0EEEE8iteratordeEv
FN:559,_ZNK3etl14intrusive_listIN5docan20DoCanMessageReceiverINS1_18DoCanDataLinkLayerIjthLj0EtEEEENS_18bidirectional_linkILm0EEEE8iteratorptEv
FN:559,_ZNK3etl14intrusive_listIN5docan23DoCanMessageTransmitterIN12_GLOBAL__N_128SmallFrameIndexDataLinkLayerEEENS_18bidirectional_linkILm0EEEE8iteratorptEv
FN:559,_ZNK3etl14intrusive_listIN3uds27IDiagSessionChangedListenerENS_18bidirectional_linkILm0EEEE8iteratorptEv
FN:559,_ZNK3etl14intrusive_listIN5docan20DoCanMessageReceiverIN12_GLOBAL__N_113DataLinkLayerEEENS_18bidirectional_linkILm0EEEE8iteratorptEv
FN:559,_ZNK3etl14intrusive_listIN5docan23DoCanMessageTransmitterIN12_GLOBAL__N_113DataLinkLayerEEENS_18bidirectional_linkILm0EEEE8iteratorptEv
FN:559,_ZNK3etl14intrusive_listIN3uds30ICommunicationSubStateListenerENS_18bidirectional_linkILm0EEEE8iteratorptEv
FN:559,_ZNK3etl14intrusive_listIN3uds29ManagedOutgoingDiagConnectionENS_18bidirectional_linkILm0EEEE8iteratorptEv
FN:559,_ZNK3etl14intrusive_listIN3uds27ICommunicationStateListenerENS_18bidirectional_linkILm0EEEE8iteratorptEv
FN:559,_ZNK3etl14intrusive_listIN5docan20DoCanMessageReceiverINS1_18DoCanDataLinkLayerIjthLj4294967295EtEEEENS_18bidirectional_linkILm0EEEE8iteratorptEv
FN:559,_ZNK3etl14intrusive_listIN5docan23DoCanMessageTransmitterINS1_18DoCanDataLinkLayerIjthLj0EtEEEENS_18bidirectional_linkILm0EEEE8iteratorptEv
FN:559,_ZNK3etl14intrusive_listIN5docan23DoCanMessageTransmitterINS1_18DoCanDataLinkLayerIjthLj4294967295EtEEEENS_18bidirectional_linkILm0EEEE8iteratorptEv
FN:564,_ZN3etleqERKNS_14intrusive_listIN5docan20DoCanMessageReceiverINS1_18DoCanDataLinkLayerIjthLj0EtEEEENS_18bidirectional_linkILm0EEEE8iteratorESB_
FN:564,_ZN3etleqERKNS_14intrusive_listIN3uds27ICommunicationStateListenerENS_18bidirectional_linkILm0EEEE8iteratorES8_
FN:564,_ZN3etleqERKNS_14intrusive_listIN5docan23DoCanMessageTransmitterIN12_GLOBAL__N_113DataLinkLayerEEENS_18bidirectional_linkILm0EEEE8iteratorESB_
FN:564,_ZN3etleqERKNS_14intrusive_listIN3can17ICANFrameListenerENS_18bidirectional_linkILm0EEEE8iteratorES8_
FN:564,_ZN3etleqERKNS_14intrusive_listIN3uds27IDiagSessionChangedListenerENS_18bidirectional_linkILm0EEEE8iteratorES8_
FN:564,_ZN3etleqERKNS_14intrusive_listIN5docan23DoCanMessageTransmitterIN12_GLOBAL__N_128SmallFrameIndexDataLinkLayerEEENS_18bidirectional_linkILm0EEEE8iteratorESB_
FN:564,_ZN3etleqERKNS_14intrusive_listIN3uds29ManagedOutgoingDiagConnectionENS_18bidirectional_linkILm0EEEE8iteratorES8_
FN:564,_ZN3etleqERKNS_14intrusive_listIN5docan20DoCanMessageReceiverINS1_18DoCanDataLinkLayerIjthLj4294967295EtEEEENS_18bidirectional_linkILm0EEEE8iteratorESB_
FN:564,_ZN3etleqERKNS_14intrusive_listIN5docan20DoCanMessageReceiverIN12_GLOBAL__N_113DataLinkLayerEEENS_18bidirectional_linkILm0EEEE8iteratorESB_
FN:564,_ZN3etleqERKNS_14intrusive_listIN5docan23DoCanMessageTransmitterINS1_18DoCanDataLinkLayerIjthLj0EtEEEENS_18bidirectional_linkILm0EEEE8iteratorESB_
FN:564,_ZN3etleqERKNS_14intrusive_listIN6logger15ILoggerListenerENS_18bidirectional_linkILm0EEEE8iteratorES8_
FN:564,_ZN3etleqERKNS_14intrusive_listIN3uds30ICommunicationSubStateListenerENS_18bidirectional_linkILm0EEEE8iteratorES8_
FN:564,_ZN3etleqERKNS_14intrusive_listIN5docan23DoCanMessageTransmitterINS1_18DoCanDataLinkLayerIjthLj4294967295EtEEEENS_18bidirectional_linkILm0EEEE8iteratorESB_
FN:569,_ZN3etlneERKNS_14intrusive_listIN5docan20DoCanMessageReceiverINS1_18DoCanDataLinkLayerIjthLj0EtEEEENS_18bidirectional_linkILm0EEEE8iteratorESB_
FN:569,_ZN3etlneERKNS_14intrusive_listIN3can17ICANFrameListenerENS_18bidirectional_linkILm0EEEE8iteratorES8_
FN:569,_ZN3etlneERKNS_14intrusive_listIN3uds30ICommunicationSubStateListenerENS_18bidirectional_linkILm0EEEE8iteratorES8_
FN:569,_ZN3etlneERKNS_14intrusive_listIN6logger15ILoggerListenerENS_18bidirectional_linkILm0EEEE8iteratorES8_
FN:569,_ZN3etlneERKNS_14intrusive_listIN5docan23DoCanMessageTransmitterIN12_GLOBAL__N_128SmallFrameIndexDataLinkLayerEEENS_18bidirectional_linkILm0EEEE8iteratorESB_
FN:569,_ZN3etlneERKNS_14intrusive_listIN3uds27IDiagSessionChangedListenerENS_18bidirectional_linkILm0EEEE8iteratorES8_
FN:569,_ZN3etlneERKNS_14intrusive_listIN5docan23DoCanMessageTransmitterIN12_GLOBAL__N_113DataLinkLayerEEENS_18bidirectional_linkILm0EEEE8iteratorESB_
FN:569,_ZN3etlneERKNS_14intrusive_listIN3uds29ManagedOutgoingDiagConnectionENS_18bidirectional_linkILm0EEEE8iteratorES8_
FN:569,_ZN3etlneERKNS_14intrusive_listIN5docan23DoCanMessageTransmitterINS1_18DoCanDataLinkLayerIjthLj4294967295EtEEEENS_18bidirectional_linkILm0EEEE8iteratorESB_
FN:569,_ZN3etlneERKNS_14intrusive_listIN5docan20DoCanMessageReceiverINS1_18DoCanDataLinkLayerIjthLj4294967295EtEEEENS_18bidirectional_linkILm0EEEE8iteratorESB_
FN:569,_ZN3etlneERKNS_14intrusive_listIN5docan23DoCanMessageTransmitterINS1_18DoCanDataLinkLayerIjthLj0EtEEEENS_18bidirectional_linkILm0EEEE8iteratorESB_
FN:569,_ZN3etlneERKNS_14intrusive_listIN5docan20DoCanMessageReceiverIN12_GLOBAL__N_113DataLinkLayerEEENS_18bidirectional_linkILm0EEEE8iteratorESB_
FN:569,_ZN3etlneERKNS_14intrusive_listIN3uds27ICommunicationStateListenerENS_18bidirectional_linkILm0EEEE8iteratorES8_
FN:576,_ZN3etl14intrusive_listIN3uds27IDiagSessionChangedListenerENS_18bidirectional_linkILm0EEEE8iteratorC2EPS4_
FN:576,_ZN3etl14intrusive_listIN6logger15ILoggerListenerENS_18bidirectional_linkILm0EEEE8iteratorC2EPS4_
FN:576,_ZN3etl14intrusive_listIN3uds29ManagedOutgoingDiagConnectionENS_18bidirectional_linkILm0EEEE8iteratorC2EPS4_
[...]
FN:71,_ZNK4util6stream24TaggedSharedOutputStream5isEofEv
FN:73,_ZN4util6stream24TaggedSharedOutputStream5writeEh
FN:81,_ZN4util6stream24TaggedSharedOutputStream5writeERKN3etl4spanIKhLm18446744073709551615EEE
FN:89,_ZN4util6stream24TaggedSharedOutputStream19endContinuousOutputERNS0_13IOutputStreamE
FNDA:3,_ZN4util6stream24TaggedSharedOutputStream5writeERKN3etl4spanIKhLm18446744073709551615EEE
FNDA:1,_ZN4util6stream24TaggedSharedOutputStream19endContinuousOutputERNS0_13IOutputStreamE
FNDA:5,_ZN4util6stream24TaggedSharedOutputStreamD2Ev
FNDA:12,_ZN4util6stream24TaggedSharedOutputStream9endOutputEPNS0_19ISharedOutputStream15IContinuousUserE
FNDA:17,_ZN4util6stream24TaggedSharedOutputStream5writeEh
FNDA:5,_ZN4util6stream24TaggedSharedOutputStream7releaseEv
FNDA:13,_ZN4util6stream24TaggedSharedOutputStream11startOutputEPNS0_19ISharedOutputStream15IContinuousUserE
FNDA:5,_ZN4util6stream24TaggedSharedOutputStreamC2ERNS0_19ISharedOutputStreamEPKcS5_b
FNDA:4,_ZNK4util6stream24TaggedSharedOutputStream5isEofEv
FNDA:4,_ZN4util6stream24TaggedSharedOutputStream21releaseContinuousUserERNS0_19ISharedOutputStream15IContinuousUserE
FNF:10
FNH:10
DA:11,5
DA:15,5
DA:17,5
DA:18,5
DA:19,5
DA:20,5
DA:21,5
DA:23,5
DA:25,5
DA:27,5
DA:29,1
DA:30,1
DA:32,5
DA:35,13
DA:37,13
DA:38,13
DA:40,10
DA:42,5
DA:44,10
DA:46,13
DA:47,13
DA:50,12
DA:52,12
DA:54,5
DA:56,12
DA:57,12
DA:58,12
DA:59,12
DA:60,12
DA:62,4
DA:64,4
DA:66,2
DA:67,2
DA:69,4
DA:71,4
DA:73,17
DA:75,17
DA:77,16
DA:79,17
DA:81,3
DA:83,3
DA:85,2
DA:87,3
DA:89,1
LF:44
LH:44
end_of_record
TN:
SF:/home/jenkins/libs/bsw/util/src/util/string/ConstString.cpp
FN:11,_ZNK4util6string11ConstString7compareERKS1_
FN:22,_ZNK4util6string11ConstString17compareIgnoreCaseERKS1_
FN:41,_ZNK4util6string11ConstString4findERKS1_j
FN:61,_ZNK4util6string11ConstString8containsERKS1_
FNDA:8,_ZNK4util6string11ConstString4findERKS1_j
FNDA:2,_ZNK4util6string11ConstString8containsERKS1_
FNDA:142,_ZNK4util6string11ConstString17compareIgnoreCaseERKS1_
FNDA:129,_ZNK4util6string11ConstString7compareERKS1_
FNF:4
FNH:4
DA:11,129
DA:13,129
DA:14,129
DA:15,129
DA:17,122
DA:19,129
DA:22,142
DA:24,142
DA:25,142
DA:26,142
DA:28,631
DA:30,489
DA:31,489
DA:32,489
DA:34,142
DA:36,53
DA:38,142
DA:41,8
DA:43,8
DA:44,8
DA:45,8
DA:47,1
DA:49,7
DA:50,35
DA:52,33
DA:54,5
DA:56,28
DA:58,2
DA:61,2
LF:29
LH:29
end_of_record
TN:
SF:/home/jenkins/libs/safety/safeMonitor/include/safeMonitor/Register.h
FN:38,_ZNK11safeMonitor8RegisterI11HandlerMock7MyEventj15ScopedMutexMock9MyContextE5Entry15isExpectedValueEv
FN:40,_ZNK11safeMonitor8RegisterI11HandlerMock7MyEventj15ScopedMutexMock9MyContextE5Entry9readValueEv
FN:59,_ZN11safeMonitor8RegisterI11HandlerMock7MyEventj15ScopedMutexMock9MyContextEC2ILm4EEERS1_RKS2_RAT__KNS5_5EntryE
FN:81,_ZN11safeMonitor8RegisterI11HandlerMock7MyEventj15ScopedMutexMock9MyContextE5checkERKS4_
FN:103,_ZNK11safeMonitor8RegisterI11HandlerMock7MyEventj15ScopedMutexMock9MyContextE10getContextEv
FN:109,_ZNK11safeMonitor8RegisterI11HandlerMock7MyEventj15ScopedMutexMock9MyContextE19getLastCheckedEntryEv
FNDA:76,_ZN11safeMonitor8RegisterI11HandlerMock7MyEventj15ScopedMutexMock9MyContextE5checkERKS4_
FNDA:137,_ZNK11safeMonitor8RegisterI11HandlerMock7MyEventj15ScopedMutexMock9MyContextE5Entry9readValueEv
FNDA:3,_ZNK11safeMonitor8RegisterI11HandlerMock7MyEventj15ScopedMutexMock9MyContextE19getLastCheckedEntryEv
FNDA:11,_ZN11safeMonitor8RegisterI11HandlerMock7MyEventj15ScopedMutexMock9MyContextEC2ILm4EEERS1_RKS2_RAT__KNS5_5EntryE
FNDA:137,_ZNK11safeMonitor8RegisterI11HandlerMock7MyEventj15ScopedMutexMock9MyContextE5Entry15isExpectedValueEv
FNDA:3,_ZNK11safeMonitor8RegisterI11HandlerMock7MyEventj15ScopedMutexMock9MyContextE10getContextEv
FNF:6
FNH:6
DA:38,137
DA:40,137
DA:42,137
DA:59,11
DA:61,11
DA:62,11
DA:63,11
DA:64,11
DA:65,11
DA:66,11
DA:67,11
DA:81,76
DA:83,76
DA:85,76
DA:86,76
DA:88,213
DA:90,137
DA:91,137
DA:94,76
DA:96,69
DA:98,76
DA:103,3
DA:109,3
LF:23
LH:23
end_of_record
TN:
SF:/home/jenkins/libs/safety/safeMonitor/include/safeMonitor/Sequence.h
FN:38,_ZN11safeMonitor8SequenceIN6safety14SafeSupervisorENS2_5EventENS2_21SafetyManagerSequenceENS_12DefaultMutexENS_14DefaultContextEEC2ERS2_RKS3_RKS4_SC_
FN:38,_ZN11safeMonitor8SequenceIN6safety14SafeSupervisorENS2_5EventENS2_18EnterLeaveSequenceENS_12DefaultMutexENS_14DefaultContextEEC2ERS2_RKS3_RKS4_SC_
FN:38,_ZN11safeMonitor8SequenceI11HandlerMock7MyEventN12SequenceTest13MyCheckpointsE15ScopedMutexMock9MyContextEC2ERS1_RKS2_RKS4_SC_
FN:64,_ZN11safeMonitor8SequenceIN6safety14SafeSupervisorENS2_5EventENS2_21SafetyManagerSequenceENS_12DefaultMutexENS_14DefaultContextEE3hitERKS4_RKS6_
FN:64,_ZN11safeMonitor8SequenceI11HandlerMock7MyEventN12SequenceTest13MyCheckpointsE15ScopedMutexMock9MyContextE3hitERKS4_RKS6_
FN:64,_ZN11safeMonitor8SequenceIN6safety14SafeSupervisorENS2_5EventENS2_18EnterLeaveSequenceENS_12DefaultMutexENS_14DefaultContextEE3hitERKS4_RKS6_
FN:88,_ZNK11safeMonitor8SequenceI11HandlerMock7MyEventN12SequenceTest13MyCheckpointsE15ScopedMutexMock9MyContextE10getContextEv
FNDA:8,_ZN11safeMonitor8SequenceIN6safety14SafeSupervisorENS2_5EventENS2_21SafetyManagerSequenceENS_12DefaultMutexENS_14DefaultContextEEC2ERS2_RKS3_RKS4_SC_
FNDA:3,_ZNK11safeMonitor8SequenceI11HandlerMock7MyEventN12SequenceTest13MyCheckpointsE15ScopedMutexMock9MyContextE10getContextEv
FNDA:3,_ZN11safeMonitor8SequenceIN6safety14SafeSupervisorENS2_5EventENS2_21SafetyManagerSequenceENS_12DefaultMutexENS_14DefaultContextEE3hitERKS4_RKS6_
FNDA:29,_ZN11safeMonitor8SequenceI11HandlerMock7MyEventN12SequenceTest13MyCheckpointsE15ScopedMutexMock9MyContextE3hitERKS4_RKS6_
FNDA:8,_ZN11safeMonitor8SequenceIN6safety14SafeSupervisorENS2_5EventENS2_18EnterLeaveSequenceENS_12DefaultMutexENS_14DefaultContextEEC2ERS2_RKS3_RKS4_SC_
FNDA:10,_ZN11safeMonitor8SequenceI11HandlerMock7MyEventN12SequenceTest13MyCheckpointsE15ScopedMutexMock9MyContextEC2ERS1_RKS2_RKS4_SC_
FNDA:3,_ZN11safeMonitor8SequenceIN6safety14SafeSupervisorENS2_5EventENS2_18EnterLeaveSequenceENS_12DefaultMutexENS_14DefaultContextEE3hitERKS4_RKS6_
FNF:7
FNH:7
DA:38,26
DA:43,26
DA:44,26
DA:45,26
DA:46,26
DA:47,26
DA:48,10
DA:49,26
DA:64,35
DA:66,29
DA:68,29
DA:70,35
DA:72,8
DA:74,27
DA:76,5
DA:81,22
DA:83,35
DA:88,3
LF:18
LH:18
end_of_record
TN:
SF:/home/jenkins/libs/safety/safeMonitor/include/safeMonitor/Trigger.h
FN:33,_ZN11safeMonitor7TriggerI11HandlerMock7MyEvent15ScopedMutexMock9MyContextEC2ERS1_RKS2_
FN:33,_ZN11safeMonitor7TriggerIN6safety14SafeSupervisorENS2_5EventENS_12DefaultMutexEjEC2ERS2_RKS3_
FN:44,_ZN11safeMonitor7TriggerIN6safety14SafeSupervisorENS2_5EventENS_12DefaultMutexEjE7triggerERKj
FN:44,_ZN11safeMonitor7TriggerI11HandlerMock7MyEvent15ScopedMutexMock9MyContextE7triggerERKS4_
FN:54,_ZNK11safeMonitor7TriggerIN6safety14SafeSupervisorENS2_5EventENS_12DefaultMutexEjE10getContextEv
FN:54,_ZNK11safeMonitor7TriggerI11HandlerMock7MyEvent15ScopedMutexMock9MyContextE10getContextEv
FNDA:2,_ZN11safeMonitor7TriggerIN6safety14SafeSupervisorENS2_5EventENS_12DefaultMutexEjE7triggerERKj
FNDA:0,_ZNK11safeMonitor7TriggerIN6safety14SafeSupervisorENS2_5EventENS_12DefaultMutexEjE10getContextEv
FNDA:3,_ZNK11safeMonitor7TriggerI11HandlerMock7MyEvent15ScopedMutexMock9MyContextE10getContextEv
FNDA:5,_ZN11safeMonitor7TriggerI11HandlerMock7MyEvent15ScopedMutexMock9MyContextEC2ERS1_RKS2_
FNDA:64,_ZN11safeMonitor7TriggerIN6safety14SafeSupervisorENS2_5EventENS_12DefaultMutexEjEC2ERS2_RKS3_
FNDA:9,_ZN11safeMonitor7TriggerI11HandlerMock7MyEvent15ScopedMutexMock9MyContextE7triggerERKS4_
FNF:6
FNH:5
DA:33,69
DA:34,69
DA:35,69
DA:44,11
DA:46,9
DA:47,11
DA:48,11
DA:49,11
DA:54,3
LF:9
LH:9
end_of_record
TN:
SF:/home/jenkins/libs/safety/safeMonitor/include/safeMonitor/Value.h
FN:41,_ZN11safeMonitor5ValueIN6safety14SafeSupervisorENS2_5EventEbNS_12DefaultMutexENS_14DefaultContextEEC2ERS2_RKS3_RKb
FN:41,_ZN11safeMonitor5ValueI11HandlerMock7MyEventh15ScopedMutexMock9MyContextEC2ERS1_RKS2_RKh
FN:55,_ZN11safeMonitor5ValueI11HandlerMock7MyEventh15ScopedMutexMock9MyContextE5checkERKhRKS4_
FN:55,_ZN11safeMonitor5ValueIN6safety14SafeSupervisorENS2_5EventEbNS_12DefaultMutexENS_14DefaultContextEE5checkERKbRKS5_
FN:70,_ZNK11safeMonitor5ValueI11HandlerMock7MyEventh15ScopedMutexMock9MyContextE10getContextEv
FNDA:20,_ZN11safeMonitor5ValueI11HandlerMock7MyEventh15ScopedMutexMock9MyContextE5checkERKhRKS4_
FNDA:24,_ZN11safeMonitor5ValueIN6safety14SafeSupervisorENS2_5EventEbNS_12DefaultMutexENS_14DefaultContextEEC2ERS2_RKS3_RKb
FNDA:3,_ZNK11safeMonitor5ValueI11HandlerMock7MyEventh15ScopedMutexMock9MyContextE10getContextEv
FNDA:7,_ZN11safeMonitor5ValueI11HandlerMock7MyEventh15ScopedMutexMock9MyContextEC2ERS1_RKS2_RKh
FNDA:3,_ZN11safeMonitor5ValueIN6safety14SafeSupervisorENS2_5EventEbNS_12DefaultMutexENS_14DefaultContextEE5checkERKbRKS5_
FNF:5
FNH:5
DA:41,31
DA:42,31
DA:43,31
DA:55,23
DA:57,20
DA:59,20
DA:61,23
DA:63,14
DA:65,23
DA:70,3
LF:10
LH:10
end_of_record
TN:
SF:/home/jenkins/libs/safety/safeMonitor/include/safeMonitor/Watchdog.h
FN:41,_ZN11safeMonitor8WatchdogI11HandlerMock7MyEvent15ScopedMutexMock9MyContextEC2ERS1_RKS2_j
FN:59,_ZN11safeMonitor8WatchdogI11HandlerMock7MyEvent15ScopedMutexMock9MyContextE4kickERKS4_
FN:81,_ZN11safeMonitor8WatchdogI11HandlerMock7MyEvent15ScopedMutexMock9MyContextE7serviceEv
FN:99,_ZNK11safeMonitor8WatchdogI11HandlerMock7MyEvent15ScopedMutexMock9MyContextE10getContextEv
FNDA:11,_ZN11safeMonitor8WatchdogI11HandlerMock7MyEvent15ScopedMutexMock9MyContextE4kickERKS4_
FNDA:3,_ZNK11safeMonitor8WatchdogI11HandlerMock7MyEvent15ScopedMutexMock9MyContextE10getContextEv
FNDA:49,_ZN11safeMonitor8WatchdogI11HandlerMock7MyEvent15ScopedMutexMock9MyContextE7serviceEv
FNDA:9,_ZN11safeMonitor8WatchdogI11HandlerMock7MyEvent15ScopedMutexMock9MyContextEC2ERS1_RKS2_j
FNF:4
FNH:4
DA:41,9
DA:42,9
DA:43,9
DA:44,9
DA:45,9
DA:46,9
DA:47,9
DA:59,11
DA:61,11
DA:62,11
DA:63,11
DA:64,11
DA:81,49
DA:83,49
DA:85,49
DA:87,45
DA:90,49
DA:92,7
DA:94,49
DA:99,3
LF:20
LH:20
end_of_record
TN:
SF:/home/jenkins/platforms/posix/bsp/bspEepromDriver/src/eeprom/EepromDriver.cpp
FN:16,_ZN6eeprom12EepromDriver4initEv
FN:59,_ZN6eeprom12EepromDriver5writeEjPKhj
FN:77,_ZN6eeprom12EepromDriver4readEjPhj
FNDA:5,_ZN6eeprom12EepromDriver5writeEjPKhj
FNDA:5,_ZN6eeprom12EepromDriver4readEjPhj
FNDA:6,_ZN6eeprom12EepromDriver4initEv
FNF:3
FNH:3
DA:16,6
DA:18,6
DA:19,6
DA:20,6
DA:22,1
DA:23,1
DA:25,1
DA:29,1
DA:30,1
DA:31,1
DA:34,1
DA:36,0
DA:37,0
DA:40,5
DA:43,5
DA:44,5
DA:48,0
DA:51,6
DA:53,0
DA:55,6
DA:59,5
DA:61,5
DA:62,5
DA:64,5
DA:65,5
DA:66,5
DA:68,5
DA:70,3
DA:71,3
DA:73,2
DA:77,5
DA:79,5
DA:80,5
DA:82,5
DA:83,5
DA:85,5
DA:87,3
DA:88,3
DA:90,2
LF:39
LH:35
end_of_record
TN:
SF:/home/jenkins/platforms/posix/bsp/socketCanTransceiver/src/can/SocketCanTransceiver.cpp
FN:34,_ZN3can12_GLOBAL__N_113signalGuardedIZNS_20SocketCanTransceiver5closeEvEUlvE_EEvOT_
FN:34,_ZN3can12_GLOBAL__N_113signalGuardedIZNS_20SocketCanTransceiver3runEiiEUlvE_EEvOT_
FN:34,_ZN3can12_GLOBAL__N_113signalGuardedIZNS_20SocketCanTransceiver4openEvEUlvE_EEvOT_
FN:48,_ZN3can20SocketCanTransceiverC2ERKNS0_12DeviceConfigE
FN:58,_ZN3can20SocketCanTransceiver4initEv
FN:68,_ZN3can20SocketCanTransceiver4openEv
FN:74,_ZZN3can20SocketCanTransceiver4openEvENKUlvE_clEv
FN:80,_ZN3can20SocketCanTransceiver4openERKNS_8CANFrameE
FN:86,_ZN3can20SocketCanTransceiver5closeEv
FN:92,_ZZN3can20SocketCanTransceiver5closeEvENKUlvE_clEv
FN:98,_ZN3can20SocketCanTransceiver8shutdownEv
FN:100,_ZN3can20SocketCanTransceiver5writeERKNS_8CANFrameE
FN:118,_ZN3can20SocketCanTransceiver5writeERKNS_8CANFrameERNS_21ICANFrameSentListenerE
FN:135,_ZN3can20SocketCanTransceiver4muteEv
FN:146,_ZN3can20SocketCanTransceiver6unmuteEv
FN:157,_ZNK3can20SocketCanTransceiver11getBaudrateEv
FN:159,_ZNK3can20SocketCanTransceiver17getHwQueueTimeoutEv
FN:161,_ZN3can20SocketCanTransceiver3runEii
FN:163,_ZZN3can20SocketCanTransceiver3runEiiENKUlvE_clEv
FN:167,_ZN3can20SocketCanTransceiver11guardedOpenEv
FN:227,_ZN3can20SocketCanTransceiver12guardedCloseEv
FN:233,_ZN3can20SocketCanTransceiver10guardedRunEii
FNDA:0,_ZN3can20SocketCanTransceiver11guardedOpenEv
FNDA:0,_ZNK3can20SocketCanTransceiver11getBaudrateEv
FNDA:0,_ZN3can20SocketCanTransceiver4muteEv
FNDA:0,_ZNK3can20SocketCanTransceiver17getHwQueueTimeoutEv
FNDA:0,_ZN3can20SocketCanTransceiver10guardedRunEii
FNDA:0,_ZN3can20SocketCanTransceiver3runEii
FNDA:0,_ZN3can20SocketCanTransceiver8shutdownEv
FNDA:0,_ZN3can12_GLOBAL__N_113signalGuardedIZNS_20SocketCanTransceiver3runEiiEUlvE_EEvOT_
FNDA:0,_ZN3can12_GLOBAL__N_113signalGuardedIZNS_20SocketCanTransceiver5closeEvEUlvE_EEvOT_
FNDA:0,_ZZN3can20SocketCanTransceiver4openEvENKUlvE_clEv
FNDA:0,_ZN3can20SocketCanTransceiver4openEv
FNDA:0,_ZN3can20SocketCanTransceiver12guardedCloseEv
FNDA:0,_ZN3can12_GLOBAL__N_113signalGuardedIZNS_20SocketCanTransceiver4openEvEUlvE_EEvOT_
FNDA:0,_ZN3can20SocketCanTransceiver6unmuteEv
FNDA:0,_ZZN3can20SocketCanTransceiver5closeEvENKUlvE_clEv
FNDA:0,_ZN3can20SocketCanTransceiver5writeERKNS_8CANFrameE
FNDA:1,_ZN3can20SocketCanTransceiverC2ERKNS0_12DeviceConfigE
FNDA:0,_ZN3can20SocketCanTransceiver4initEv
FNDA:0,_ZN3can20SocketCanTransceiver5closeEv
FNDA:0,_ZN3can20SocketCanTransceiver4openERKNS_8CANFrameE
FNDA:0,_ZZN3can20SocketCanTransceiver3runEiiENKUlvE_clEv
FNDA:0,_ZN3can20SocketCanTransceiver5writeERKNS_8CANFrameERNS_21ICANFrameSentListenerE
FNF:22
FNH:1
DA:34,0
DA:37,0
DA:38,0
DA:39,0
DA:40,0
DA:41,0
DA:48,1
DA:49,1
DA:50,1
DA:51,1
DA:52,1
DA:53,1
DA:54,1
DA:55,2
DA:56,1
DA:58,0
DA:60,0
DA:62,0
DA:64,0
DA:65,0
DA:68,0
DA:70,0
DA:72,0
DA:74,0
DA:75,0
DA:76,0
DA:77,0
DA:80,0
DA:82,0
DA:86,0
DA:88,0
DA:90,0
DA:92,0
DA:93,0
DA:94,0
DA:95,0
DA:98,0
DA:100,0
DA:102,0
DA:104,0
DA:106,0
DA:107,0
DA:108,0
DA:110,0
DA:112,0
DA:113,0
DA:114,0
DA:118,0
DA:120,0
DA:122,0
DA:124,0
DA:125,0
DA:126,0
DA:128,0
DA:130,0
DA:131,0
DA:132,0
DA:135,0
DA:137,0
DA:139,0
DA:141,0
DA:142,0
DA:143,0
DA:146,0
DA:148,0
DA:150,0
DA:152,0
DA:153,0
DA:154,0
DA:157,0
DA:159,0
DA:161,0
DA:163,0
DA:164,0
DA:165,0
DA:167,0
DA:169,0
DA:170,0
DA:171,0
DA:172,0
DA:174,0
DA:176,0
DA:180,0
DA:181,0
DA:182,0
DA:184,0
DA:186,0
DA:189,0
DA:190,0
DA:191,0
DA:193,0
DA:198,0
DA:201,0
DA:202,0
DA:204,0
DA:209,0
DA:213,0
DA:214,0
DA:215,0
DA:216,0
DA:217,0
DA:219,0
DA:221,0
DA:224,0
DA:227,0
DA:229,0
DA:230,0
DA:231,0
DA:233,0
DA:238,0
DA:240,0
DA:241,0
DA:243,0
DA:245,0
DA:246,0
DA:247,0
DA:249,0
DA:250,0
DA:251,0
DA:252,0
DA:253,0
DA:254,0
DA:255,0
DA:257,0
DA:259,0
DA:260,0
DA:262,0
DA:264,0
DA:267,0
DA:270,0
DA:271,0
DA:273,0
DA:275,0
DA:277,0
DA:278,0
DA:281,0
DA:282,0
DA:283,0
DA:284,0
DA:285,0
DA:286,0
DA:287,0
DA:289,0
DA:292,0
LF:144
LH:9
end_of_record
TN:
SF:/home/jenkins/platforms/s32k1xx/bsp/canflex2Transceiver/include/can/transceiver/canflex2/CanFlex2Transceiver.h
FN:67,_ZN4bios19CanFlex2Transceiver7wokenUpEv
FN:69,_ZNK4bios19CanFlex2Transceiver11getBaudrateEv
FN:89,_ZNK4bios19CanFlex2Transceiver10getRxAliveEv
FN:130,_ZN4bios19CanFlex2Transceiver16receiveInterruptEh
FN:139,_ZN4bios19CanFlex2Transceiver17transmitInterruptEh
FN:147,_ZN4bios19CanFlex2Transceiver26getAllCanFlex2TransceiversEv
FN:155,_ZN4bios19CanFlex2Transceiver17TxJobWithCallbackC2ERN3can21ICANFrameSentListenerERKNS2_8CANFrameE
FN:187,_ZN4bios19CanFlex2Transceiver28notifyRegisteredSentListenerERKN3can8CANFrameE
FNDA:17,_ZN4bios19CanFlex2Transceiver28notifyRegisteredSentListenerERKN3can8CANFrameE
FNDA:6,_ZNK4bios19CanFlex2Transceiver10getRxAliveEv
FNDA:1,_ZNK4bios19CanFlex2Transceiver11getBaudrateEv
FNDA:1,_ZN4bios19CanFlex2Transceiver16receiveInterruptEh
FNDA:1,_ZN4bios19CanFlex2Transceiver17transmitInterruptEh
FNDA:1,_ZN4bios19CanFlex2Transceiver26getAllCanFlex2TransceiversEv
FNDA:18,_ZN4bios19CanFlex2Transceiver17TxJobWithCallbackC2ERN3can21ICANFrameSentListenerERKNS2_8CANFrameE
FNDA:2,_ZN4bios19CanFlex2Transceiver7wokenUpEv
FNF:8
FNH:8
DA:67,2
DA:69,1
DA:89,6
DA:91,6
DA:93,3
DA:97,3
DA:130,1
DA:132,1
DA:133,2
DA:139,1
DA:141,1
DA:142,1
DA:147,1
DA:155,18
DA:156,18
DA:157,18
DA:187,17
LF:17
LH:17
end_of_record
TN:
SF:/home/jenkins/platforms/s32k1xx/bsp/canflex2Transceiver/src/can/transceiver/canflex2/CanFlex2Transceiver.cpp
FN:21,_ZN4bios19CanFlex2TransceiverC2EhhRKNS_13FlexCANDevice6ConfigERNS_6CanPhyERNS_24IEcuPowerStateControllerE
FN:54,_ZN4bios19CanFlex2Transceiver4initEv
FN:72,_ZN4bios19CanFlex2Transceiver5writeERKN3can8CANFrameE
FN:78,_ZN4bios19CanFlex2Transceiver5writeERKN3can8CANFrameERNS1_21ICANFrameSentListenerE
FN:83,_ZN4bios19CanFlex2Transceiver5writeERKN3can8CANFrameEPNS1_21ICANFrameSentListenerE
FN:165,_ZN4bios19CanFlex2Transceiver20canFrameSentCallbackEv
FN:167,_ZN4bios19CanFlex2Transceiver25canFrameSentAsyncCallbackEv
FN:218,_ZNK4bios19CanFlex2Transceiver17getHwQueueTimeoutEv
FN:226,_ZNK4bios19CanFlex2Transceiver15getFirstFrameIdEv
FN:231,_ZN4bios19CanFlex2Transceiver15resetFirstFrameEv
FN:237,_ZN4bios19CanFlex2Transceiver4openERKN3can8CANFrameE
FN:244,_ZN4bios19CanFlex2Transceiver4openEv
FN:273,_ZN4bios19CanFlex2Transceiver5closeEv
FN:295,_ZN4bios19CanFlex2Transceiver8shutdownEv
FN:301,_ZN4bios19CanFlex2Transceiver4muteEv
FN:319,_ZN4bios19CanFlex2Transceiver6unmuteEv
FN:333,_ZN4bios19CanFlex2Transceiver11receiveTaskEv
FN:346,_ZN4bios19CanFlex2Transceiver10cyclicTaskEv
FNDA:8,_ZN4bios19CanFlex2Transceiver5writeERKN3can8CANFrameE
FNDA:37,_ZN4bios19CanFlex2Transceiver4initEv
FNDA:27,_ZN4bios19CanFlex2Transceiver5writeERKN3can8CANFrameEPNS1_21ICANFrameSentListenerE
FNDA:8,_ZN4bios19CanFlex2Transceiver4muteEv
FNDA:0,_ZNK4bios19CanFlex2Transceiver17getHwQueueTimeoutEv
FNDA:7,_ZN4bios19CanFlex2Transceiver25canFrameSentAsyncCallbackEv
FNDA:2,_ZN4bios19CanFlex2Transceiver6unmuteEv
FNDA:4,_ZN4bios19CanFlex2Transceiver5closeEv
FNDA:2,_ZN4bios19CanFlex2Transceiver11receiveTaskEv
FNDA:1,_ZN4bios19CanFlex2Transceiver15resetFirstFrameEv
FNDA:1,_ZNK4bios19CanFlex2Transceiver15getFirstFrameIdEv
FNDA:0,_ZN4bios19CanFlex2Transceiver8shutdownEv
FNDA:10,_ZN4bios19CanFlex2Transceiver10cyclicTaskEv
FNDA:0,_ZN4bios19CanFlex2Transceiver4openERKN3can8CANFrameE
FNDA:19,_ZN4bios19CanFlex2Transceiver5writeERKN3can8CANFrameERNS1_21ICANFrameSentListenerE
FNDA:7,_ZN4bios19CanFlex2Transceiver20canFrameSentCallbackEv
FNDA:36,_ZN4bios19CanFlex2TransceiverC2EhhRKNS_13FlexCANDevice6ConfigERNS_6CanPhyERNS_24IEcuPowerStateControllerE
FNDA:15,_ZN4bios19CanFlex2Transceiver4openEv
FNF:18
FNH:15
DA:21,36
DA:26,36
DA:28,36
DA:29,36
DA:35,36
DA:36,36
DA:37,36
DA:38,36
DA:39,36
DA:40,36
DA:41,36
DA:42,36
DA:43,36
DA:44,36
DA:47,36
DA:49,72
DA:51,36
DA:52,36
DA:54,37
DA:56,37
DA:59,36
DA:60,36
DA:62,1
DA:64,36
DA:65,35
DA:66,35
DA:67,35
DA:69,1
DA:72,8
DA:74,8
DA:78,19
DA:80,19
DA:83,27
DA:86,27
DA:88,1
DA:92,1
DA:93,1
DA:95,26
DA:97,1
DA:98,1
DA:101,25
DA:102,25
DA:104,6
DA:105,6
DA:107,1
DA:108,1
DA:109,1
DA:110,1
DA:113,5
DA:114,5
DA:116,4
DA:117,4
DA:118,4
DA:119,4
DA:121,1
DA:122,1
DA:123,1
DA:126,19
DA:129,1
DA:130,1
DA:131,1
DA:132,1
DA:134,18
DA:135,18
DA:136,18
DA:139,7
DA:143,11
DA:144,11
DA:146,10
DA:147,10
DA:151,8
DA:153,2
DA:157,1
DA:159,3
DA:160,3
DA:161,3
DA:162,3
DA:163,25
DA:165,7
DA:167,7
DA:169,7
DA:170,7
DA:171,7
DA:173,5
DA:175,5
DA:176,5
DA:177,5
DA:178,5
DA:179,5
DA:182,4
DA:184,4
DA:188,0
DA:191,5
DA:192,5
DA:193,5
DA:195,5
DA:197,4
DA:198,4
DA:199,4
DA:200,4
DA:202,3
DA:203,3
DA:207,2
DA:211,2
DA:212,2
DA:213,2
DA:216,7
DA:218,0
DA:222,0
DA:223,0
DA:226,1
DA:228,1
DA:231,1
DA:233,1
DA:234,1
DA:235,1
DA:237,0
DA:240,0
DA:244,15
DA:246,15
DA:248,14
DA:250,14
DA:251,14
DA:253,14
DA:254,14
DA:256,14
DA:260,14
DA:264,0
DA:269,1
DA:273,4
DA:275,4
DA:277,3
DA:278,3
DA:280,3
DA:282,3
DA:284,3
DA:285,3
DA:286,3
DA:287,3
DA:291,1
DA:295,0
DA:297,0
DA:298,0
DA:299,0
DA:301,8
DA:303,8
DA:305,6
DA:307,6
DA:308,6
DA:309,6
DA:310,6
DA:311,6
DA:315,2
DA:319,2
DA:321,2
DA:323,1
DA:324,1
DA:325,1
DA:329,1
DA:333,2
DA:335,2
DA:336,3
DA:338,1
DA:339,1
DA:340,1
DA:341,1
DA:342,1
DA:344,2
DA:346,10
DA:348,10
DA:350,2
DA:352,2
DA:353,2
DA:358,8
DA:360,2
DA:361,2
DA:365,10
DA:367,10
DA:369,9
DA:371,2
DA:373,1
DA:374,1
DA:379,7
DA:383,10
DA:385,6
DA:389,4
DA:391,10
DA:392,10
LF:188
LH:177
end_of_record
